Unity Editor version:    2021.3.45f1 (0da89fac8e79)
Branch:                  2021.3/staging
Build type:              Release
Batch mode:              YES
macOS version:           Version 14.4.1 (Build 23E224)
Darwin version:          23.4.0
Architecture:            x86_64
Running under Rosetta:   NO
Available memory:        32768 MB
Using pre-set license
Pro License: YES
2025-12-31 15:00:55.407 Unity[78071:130007174] WARNING: Secure coding is not enabled for restorable state! Enable secure coding by implementing NSApplicationDelegate.applicationSupportsSecureRestorableState: and returning YES.

COMMAND LINE ARGUMENTS:
/Applications/Unity/Hub/Editor/2021.3.45f1/Unity.app/Contents/MacOS/Unity
-adb2
-batchMode
-noUpm
-name
AssetImportWorker9
-projectPath
/Users/benz/Desktop/Stanford/FA25/Guru/PixelFlow_prototype2/My project (2)
-logFile
Logs/AssetImportWorker9.log
-srvPort
64983
Successfully changed project path to: /Users/benz/Desktop/Stanford/FA25/Guru/PixelFlow_prototype2/My project (2)
/Users/benz/Desktop/Stanford/FA25/Guru/PixelFlow_prototype2/My project (2)
[UnityMemory] Configuration Parameters - Can be set up in boot.config
    "memorysetup-bucket-allocator-granularity=16"
    "memorysetup-bucket-allocator-bucket-count=8"
    "memorysetup-bucket-allocator-block-size=33554432"
    "memorysetup-bucket-allocator-block-count=8"
    "memorysetup-main-allocator-block-size=16777216"
    "memorysetup-thread-allocator-block-size=16777216"
    "memorysetup-gfx-main-allocator-block-size=16777216"
    "memorysetup-gfx-thread-allocator-block-size=16777216"
    "memorysetup-cache-allocator-block-size=4194304"
    "memorysetup-typetree-allocator-block-size=2097152"
    "memorysetup-profiler-bucket-allocator-granularity=16"
    "memorysetup-profiler-bucket-allocator-bucket-count=8"
    "memorysetup-profiler-bucket-allocator-block-size=33554432"
    "memorysetup-profiler-bucket-allocator-block-count=8"
    "memorysetup-profiler-allocator-block-size=16777216"
    "memorysetup-profiler-editor-allocator-block-size=1048576"
    "memorysetup-temp-allocator-size-main=16777216"
    "memorysetup-job-temp-allocator-block-size=2097152"
    "memorysetup-job-temp-allocator-block-size-background=1048576"
    "memorysetup-job-temp-allocator-reduction-small-platforms=262144"
    "memorysetup-temp-allocator-size-background-worker=32768"
    "memorysetup-temp-allocator-size-job-worker=262144"
    "memorysetup-temp-allocator-size-preload-manager=33554432"
    "memorysetup-temp-allocator-size-nav-mesh-worker=65536"
    "memorysetup-temp-allocator-size-audio-worker=65536"
    "memorysetup-temp-allocator-size-cloud-worker=32768"
    "memorysetup-temp-allocator-size-gi-baking-worker=262144"
    "memorysetup-temp-allocator-size-gfx=262144"
Player connection [140704594186496] Host "[IP] 10.60.244.25 [Port] 0 [Flags] 2 [Guid] 1187707986 [EditorId] 1187707986 [Version] 1048832 [Id] OSXEditor(0,Bens-MacBook-Pro-5.local) [Debug] 1 [PackageName] OSXEditor [ProjectName] Editor" joined multi-casting on [225.0.0.222:54997]...

Player connection [140704594186496] Host "[IP] 10.60.244.25 [Port] 0 [Flags] 2 [Guid] 1187707986 [EditorId] 1187707986 [Version] 1048832 [Id] OSXEditor(0,Bens-MacBook-Pro-5.local) [Debug] 1 [PackageName] OSXEditor [ProjectName] Editor" joined alternative multi-casting on [225.0.0.222:34997]...

[Physics::Module] Initialized MultithreadedJobDispatcher with {0} workers.
Refreshing native plugins compatible for Editor in 170.90 ms, found 2 plugins.
Preloading 0 native plugins for Editor in 0.00 ms.
Initialize engine version: 2021.3.45f1 (0da89fac8e79)
[Subsystems] Discovering subsystems at path /Applications/Unity/Hub/Editor/2021.3.45f1/Unity.app/Contents/Resources/UnitySubsystems
[Subsystems] Discovering subsystems at path /Users/benz/Desktop/Stanford/FA25/Guru/PixelFlow_prototype2/My project (2)/Assets
GfxDevice: creating device client; threaded=0; jobified=0
Mi Monitor preferred device: AMD Radeon Pro 555X (high power)
Metal devices available: 2
0: AMD Radeon Pro 555X (high power)
1: Intel(R) UHD Graphics 630 (low power)
Using device AMD Radeon Pro 555X (high power)
Initializing Metal device caps: AMD Radeon Pro 555X
Initialize mono
Mono path[0] = '/Applications/Unity/Hub/Editor/2021.3.45f1/Unity.app/Contents/Managed'
Mono path[1] = '/Applications/Unity/Hub/Editor/2021.3.45f1/Unity.app/Contents/MonoBleedingEdge/lib/mono/unityjit-macos'
Mono config path = '/Applications/Unity/Hub/Editor/2021.3.45f1/Unity.app/Contents/MonoBleedingEdge/etc'
Using monoOptions --debugger-agent=transport=dt_socket,embedding=1,server=y,suspend=n,address=127.0.0.1:56071
Begin MonoManager ReloadAssembly
Registering precompiled unity dll's ...
Register platform support module: /Applications/Unity/Hub/Editor/2021.3.45f1/Unity.app/Contents/PlaybackEngines/MacStandaloneSupport/UnityEditor.OSXStandalone.Extensions.dll
Register platform support module: /Applications/Unity/Hub/Editor/2021.3.45f1/PlaybackEngines/AndroidPlayer/UnityEditor.Android.Extensions.dll
Register platform support module: /Applications/Unity/Hub/Editor/2021.3.45f1/PlaybackEngines/iOSSupport/UnityEditor.iOS.Extensions.dll
Registered in 0.007525 seconds.
[usbmuxd] Start listen thread
[usbmuxd] Listen thread started
[usbmuxd] Send listen message
Native extension for iOS target not found
Native extension for Android target not found
Android Extension - Scanning For ADB Devices 257 ms
Native extension for OSXStandalone target not found
Refreshing native plugins compatible for Editor in 95.59 ms, found 2 plugins.
Preloading 0 native plugins for Editor in 0.00 ms.
Mono: successfully reloaded assembly
- Completed reload, in  1.650 seconds
Domain Reload Profiling:
	ReloadAssembly (1650ms)
		BeginReloadAssembly (252ms)
			ExecutionOrderSort (0ms)
			DisableScriptedObjects (0ms)
			BackupInstance (0ms)
			ReleaseScriptingObjects (0ms)
			CreateAndSetChildDomain (1ms)
		EndReloadAssembly (1199ms)
			LoadAssemblies (254ms)
			RebuildTransferFunctionScriptingTraits (0ms)
			SetupTypeCache (221ms)
			ReleaseScriptCaches (0ms)
			RebuildScriptCaches (52ms)
			SetupLoadedEditorAssemblies (849ms)
				LogAssemblyErrors (0ms)
				InitializePlatformSupportModulesInManaged (526ms)
				SetLoadedEditorAssemblies (1ms)
				RefreshPlugins (96ms)
				BeforeProcessingInitializeOnLoad (2ms)
				ProcessInitializeOnLoadAttributes (156ms)
				ProcessInitializeOnLoadMethodAttributes (68ms)
				AfterProcessingInitializeOnLoad (0ms)
				EditorAssembliesLoaded (0ms)
			ExecutionOrderSort2 (0ms)
			AwakeInstancesAfterBackupRestoration (0ms)
Platform modules already initialized, skipping
Registering precompiled user dll's ...
Registered in 0.010082 seconds.
Begin MonoManager ReloadAssembly
Native extension for iOS target not found
Native extension for Android target not found
Native extension for OSXStandalone target not found
Refreshing native plugins compatible for Editor in 0.75 ms, found 2 plugins.
Preloading 0 native plugins for Editor in 0.00 ms.
Package Manager log level set to [2]
[Package Manager] Server::EnsureServerProcessIsRunning -- launch failed, reason: Unity was launched with the -noUpm command-line argument
[Package Manager] Cannot connect to Unity Package Manager local server
Mono: successfully reloaded assembly
- Completed reload, in  1.828 seconds
Domain Reload Profiling:
	ReloadAssembly (1830ms)
		BeginReloadAssembly (162ms)
			ExecutionOrderSort (0ms)
			DisableScriptedObjects (10ms)
			BackupInstance (0ms)
			ReleaseScriptingObjects (0ms)
			CreateAndSetChildDomain (37ms)
		EndReloadAssembly (1513ms)
			LoadAssemblies (145ms)
			RebuildTransferFunctionScriptingTraits (0ms)
			SetupTypeCache (486ms)
			ReleaseScriptCaches (1ms)
			RebuildScriptCaches (74ms)
			SetupLoadedEditorAssemblies (733ms)
				LogAssemblyErrors (0ms)
				InitializePlatformSupportModulesInManaged (36ms)
				SetLoadedEditorAssemblies (0ms)
				RefreshPlugins (1ms)
				BeforeProcessingInitializeOnLoad (58ms)
				ProcessInitializeOnLoadAttributes (598ms)
				ProcessInitializeOnLoadMethodAttributes (37ms)
				AfterProcessingInitializeOnLoad (2ms)
				EditorAssembliesLoaded (0ms)
			ExecutionOrderSort2 (0ms)
			AwakeInstancesAfterBackupRestoration (8ms)
Platform modules already initialized, skipping
========================================================================
Worker process is ready to serve import requests
Launching external process: /Applications/Unity/Hub/Editor/2021.3.45f1/Unity.app/Contents/Tools/UnityShaderCompiler
Launched and connected shader compiler UnityShaderCompiler after 0.10 seconds
Refreshing native plugins compatible for Editor in 2.00 ms, found 2 plugins.
Preloading 0 native plugins for Editor in 0.00 ms.
Unloading 3147 Unused Serialized files (Serialized files now loaded: 0)
Unloading 24 unused Assets / (296.8 KB). Loaded Objects now: 3612.
Memory consumption went from 128.4 MB to 128.1 MB.
Total: 6.360665 ms (FindLiveObjects: 0.395821 ms CreateObjectMapping: 0.360574 ms MarkObjects: 5.437268 ms  DeleteObjects: 0.165487 ms)

AssetImportParameters requested are different than current active one (requested -> active):
  custom:video-decoder-ogg-theora: a1e56fd34408186e4bbccfd4996cb3dc -> 
  custom:container-muxer-webm: aa71ff27fc2769a1b78a27578f13a17b -> 
  custom:container-demuxer-webm: 4f35f7cbe854078d1ac9338744f61a02 -> 
  custom:video-encoder-webm-vp8: eb34c28f22e8b96e1ab97ce403110664 -> 
  custom:framework-osx-AVFoundation: e770b220cccbd017edd2c1fefb359320 -> 
  custom:CustomObjectIndexerAttribute: bc11b3a6c3213fcdd17b65e7da85e133 -> 
  custom:audio-encoder-webm-vorbis: bf7c407c2cedff20999df2af8eb42d56 -> 
  custom:SearchIndexIgnoredProperties: e643bd26f0fe6173181afceb89e7c659 -> 
  custom:container-demuxer-ogg: 62fdf1f143b41e24485cea50d1cbac27 -> 
  custom:video-decoder-webm-vp8: 9c59270c3fd7afecdb556c50c9e8de78 -> 
  custom:audio-decoder-ogg-vorbis: bf7c407c2cedff20999df2af8eb42d56 -> 
========================================================================
Received Import Request.
  Time since last request: 5129406.544607 seconds.
  path: Assets/Layer Lab/GUI Pro-CasualGame/ResourcesData/Sprite/Components/Frame/CardFrame01_Icon.png
  artifactKey: Guid(f9f9547cfd43f48799eb35ebf9d37c19) Importer(815301076,1909f56bfc062723c751e8b465ee728b)
Number of updated assets reloaded before import = 0
Start importing Assets/Layer Lab/GUI Pro-CasualGame/ResourcesData/Sprite/Components/Frame/CardFrame01_Icon.png using Guid(f9f9547cfd43f48799eb35ebf9d37c19) Importer(815301076,1909f56bfc062723c751e8b465ee728b)  -> (artifact id: '40ec69f07904eae133941c47ab0e16a9') in 0.334034 seconds 
Number of asset objects unloaded after import = 3
========================================================================
Received Import Request.
  Time since last request: 2.052620 seconds.
  path: Assets/Layer Lab/GUI Pro-CasualGame/ResourcesData/Sprite/Components/Icon_ItemIcons/64/Icon_Heart.png
  artifactKey: Guid(698d59ef57ead4f8fa4ed51642c1c637) Importer(815301076,1909f56bfc062723c751e8b465ee728b)
Number of updated assets reloaded before import = 0
Start importing Assets/Layer Lab/GUI Pro-CasualGame/ResourcesData/Sprite/Components/Icon_ItemIcons/64/Icon_Heart.png using Guid(698d59ef57ead4f8fa4ed51642c1c637) Importer(815301076,1909f56bfc062723c751e8b465ee728b)  -> (artifact id: 'eb9987e270802191e7ad2d916ef24a20') in 0.011075 seconds 
Number of asset objects unloaded after import = 3
========================================================================
Received Import Request.
  Time since last request: 0.000069 seconds.
  path: Assets/Layer Lab/GUI Pro-CasualGame/ResourcesData/Sprite/Components/Icon_ItemIcons/128/Icon_Heart.png
  artifactKey: Guid(21cb8c775421e4096915fe18192a6f63) Importer(815301076,1909f56bfc062723c751e8b465ee728b)
Number of updated assets reloaded before import = 0
Start importing Assets/Layer Lab/GUI Pro-CasualGame/ResourcesData/Sprite/Components/Icon_ItemIcons/128/Icon_Heart.png using Guid(21cb8c775421e4096915fe18192a6f63) Importer(815301076,1909f56bfc062723c751e8b465ee728b)  -> (artifact id: 'f6cec8e334a16d2711016ed87694c1a1') in 0.018531 seconds 
Number of asset objects unloaded after import = 3
========================================================================
Received Import Request.
  Time since last request: 0.000090 seconds.
  path: Assets/Layer Lab/GUI Pro-CasualGame/ResourcesData/Sprite/Components/Icon_ItemIcons/512/Icon_Heart.Png
  artifactKey: Guid(c55f443156bfe423a9041e55ab7f669f) Importer(815301076,1909f56bfc062723c751e8b465ee728b)
Number of updated assets reloaded before import = 0
Start importing Assets/Layer Lab/GUI Pro-CasualGame/ResourcesData/Sprite/Components/Icon_ItemIcons/512/Icon_Heart.Png using Guid(c55f443156bfe423a9041e55ab7f669f) Importer(815301076,1909f56bfc062723c751e8b465ee728b)  -> (artifact id: 'b317edefa28af29afdb9e21cd33e917c') in 0.205043 seconds 
Number of asset objects unloaded after import = 3
========================================================================
Received Import Request.
  Time since last request: 4.469151 seconds.
  path: Assets/Layer Lab/GUI Pro-CasualGame/ResourcesData/Sprite/Components/Icon_PictoIcons/128/Pictoicon_Life.Png
  artifactKey: Guid(6f34fbb70ecfc4511854f0bd608f67ce) Importer(815301076,1909f56bfc062723c751e8b465ee728b)
Number of updated assets reloaded before import = 0
Start importing Assets/Layer Lab/GUI Pro-CasualGame/ResourcesData/Sprite/Components/Icon_PictoIcons/128/Pictoicon_Life.Png using Guid(6f34fbb70ecfc4511854f0bd608f67ce) Importer(815301076,1909f56bfc062723c751e8b465ee728b)  -> (artifact id: 'e6e4cfc9ccba330daf529a8df6537cae') in 0.013766 seconds 
Number of asset objects unloaded after import = 3
========================================================================
Received Import Request.
  Time since last request: 0.000092 seconds.
  path: Assets/Layer Lab/GUI Pro-CasualGame/ResourcesData/Sprite/Components/Icon_PictoIcons/64/Pictoicon_Life_Add.Png
  artifactKey: Guid(196d40013c384479e8f18a61001b098e) Importer(815301076,1909f56bfc062723c751e8b465ee728b)
Number of updated assets reloaded before import = 0
Start importing Assets/Layer Lab/GUI Pro-CasualGame/ResourcesData/Sprite/Components/Icon_PictoIcons/64/Pictoicon_Life_Add.Png using Guid(196d40013c384479e8f18a61001b098e) Importer(815301076,1909f56bfc062723c751e8b465ee728b)  -> (artifact id: '05b3a1b6400c3243e52a926b2219eac8') in 0.016349 seconds 
Number of asset objects unloaded after import = 3
========================================================================
Received Import Request.
  Time since last request: 0.000088 seconds.
  path: Assets/Layer Lab/GUI Pro-CasualGame/ResourcesData/Sprite/Components/Icon_PictoIcons/32/Pictoicon_Life_Add.Png
  artifactKey: Guid(3f45f0c6666ab47a081d0b3f4c182443) Importer(815301076,1909f56bfc062723c751e8b465ee728b)
Number of updated assets reloaded before import = 0
Start importing Assets/Layer Lab/GUI Pro-CasualGame/ResourcesData/Sprite/Components/Icon_PictoIcons/32/Pictoicon_Life_Add.Png using Guid(3f45f0c6666ab47a081d0b3f4c182443) Importer(815301076,1909f56bfc062723c751e8b465ee728b)  -> (artifact id: '776b5a47212e819d8116cc232b1affab') in 0.012660 seconds 
Number of asset objects unloaded after import = 3
========================================================================
Received Import Request.
  Time since last request: 0.000216 seconds.
  path: Assets/Layer Lab/GUI Pro-CasualGame/ResourcesData/Sprite/Components/Icon_PictoIcons/128/Pictoicon_Life_Add.Png
  artifactKey: Guid(324aa76ac50ea4eae8f0a70ec0bb3e5d) Importer(815301076,1909f56bfc062723c751e8b465ee728b)
Number of updated assets reloaded before import = 0
Start importing Assets/Layer Lab/GUI Pro-CasualGame/ResourcesData/Sprite/Components/Icon_PictoIcons/128/Pictoicon_Life_Add.Png using Guid(324aa76ac50ea4eae8f0a70ec0bb3e5d) Importer(815301076,1909f56bfc062723c751e8b465ee728b)  -> (artifact id: '86a02f014ecf61aeda3c31271430ed31') in 0.016054 seconds 
Number of asset objects unloaded after import = 3
========================================================================
Received Import Request.
  Time since last request: 1.197484 seconds.
  path: Assets/Layer Lab/GUI Pro-CasualGame/ResourcesData/Sprite/Components/Icon_PictoIcons/32/Pictoicon_Life_Break.Png
  artifactKey: Guid(330a46940559d448ba88e017a5864b48) Importer(815301076,1909f56bfc062723c751e8b465ee728b)
Number of updated assets reloaded before import = 0
Start importing Assets/Layer Lab/GUI Pro-CasualGame/ResourcesData/Sprite/Components/Icon_PictoIcons/32/Pictoicon_Life_Break.Png using Guid(330a46940559d448ba88e017a5864b48) Importer(815301076,1909f56bfc062723c751e8b465ee728b)  -> (artifact id: '18ed330b42d54040b33360ab72caeae2') in 0.016211 seconds 
Number of asset objects unloaded after import = 3
========================================================================
Received Import Request.
  Time since last request: 5.129056 seconds.
  path: Assets/Layer Lab/GUI Pro-CasualGame/ResourcesData/Sprite/Components/Icon_Clan/ClanIcon_Symbol_Small0.png
  artifactKey: Guid(01388e084f08a42709215c4650bd004b) Importer(815301076,1909f56bfc062723c751e8b465ee728b)
Number of updated assets reloaded before import = 0
Start importing Assets/Layer Lab/GUI Pro-CasualGame/ResourcesData/Sprite/Components/Icon_Clan/ClanIcon_Symbol_Small0.png using Guid(01388e084f08a42709215c4650bd004b) Importer(815301076,1909f56bfc062723c751e8b465ee728b)  -> (artifact id: 'a05346aa75227eb781e419b739fc4a24') in 0.012094 seconds 
Number of asset objects unloaded after import = 3
========================================================================
Received Import Request.
  Time since last request: 0.000087 seconds.
  path: Assets/Layer Lab/GUI Pro-CasualGame/ResourcesData/Sprite/Components/Icon_Clan/ClanIcon_Symbol_Small1.png
  artifactKey: Guid(f46c20033f2c549bcb8dd8a3d65ac1a0) Importer(815301076,1909f56bfc062723c751e8b465ee728b)
Number of updated assets reloaded before import = 0
Start importing Assets/Layer Lab/GUI Pro-CasualGame/ResourcesData/Sprite/Components/Icon_Clan/ClanIcon_Symbol_Small1.png using Guid(f46c20033f2c549bcb8dd8a3d65ac1a0) Importer(815301076,1909f56bfc062723c751e8b465ee728b)  -> (artifact id: '4888f63722cc5103c968a98438ff145f') in 0.011586 seconds 
Number of asset objects unloaded after import = 3
Editor requested this worker to shutdown with reason: Scaling down because of idle timeout
AssetImportWorker is now disconnected from the server
Process exiting
