Unity Editor version:    2021.3.45f1 (0da89fac8e79)
Branch:                  2021.3/staging
Build type:              Release
Batch mode:              YES
macOS version:           Version 14.4.1 (Build 23E224)
Darwin version:          23.4.0
Architecture:            x86_64
Running under Rosetta:   NO
Available memory:        32768 MB
Using pre-set license
Pro License: YES
2025-12-31 13:14:39.911 Unity[83395:129759866] WARNING: Secure coding is not enabled for restorable state! Enable secure coding by implementing NSApplicationDelegate.applicationSupportsSecureRestorableState: and returning YES.

COMMAND LINE ARGUMENTS:
/Applications/Unity/Hub/Editor/2021.3.45f1/Unity.app/Contents/MacOS/Unity
-adb2
-batchMode
-noUpm
-name
AssetImportWorker6
-projectPath
/Users/benz/Desktop/Stanford/FA25/Guru/PixelFlow_prototype2/My project (2)
-logFile
Logs/AssetImportWorker6.log
-srvPort
64983
Successfully changed project path to: /Users/benz/Desktop/Stanford/FA25/Guru/PixelFlow_prototype2/My project (2)
/Users/benz/Desktop/Stanford/FA25/Guru/PixelFlow_prototype2/My project (2)
[UnityMemory] Configuration Parameters - Can be set up in boot.config
    "memorysetup-bucket-allocator-granularity=16"
    "memorysetup-bucket-allocator-bucket-count=8"
    "memorysetup-bucket-allocator-block-size=33554432"
    "memorysetup-bucket-allocator-block-count=8"
    "memorysetup-main-allocator-block-size=16777216"
    "memorysetup-thread-allocator-block-size=16777216"
    "memorysetup-gfx-main-allocator-block-size=16777216"
    "memorysetup-gfx-thread-allocator-block-size=16777216"
    "memorysetup-cache-allocator-block-size=4194304"
    "memorysetup-typetree-allocator-block-size=2097152"
    "memorysetup-profiler-bucket-allocator-granularity=16"
    "memorysetup-profiler-bucket-allocator-bucket-count=8"
    "memorysetup-profiler-bucket-allocator-block-size=33554432"
    "memorysetup-profiler-bucket-allocator-block-count=8"
    "memorysetup-profiler-allocator-block-size=16777216"
    "memorysetup-profiler-editor-allocator-block-size=1048576"
    "memorysetup-temp-allocator-size-main=16777216"
    "memorysetup-job-temp-allocator-block-size=2097152"
    "memorysetup-job-temp-allocator-block-size-background=1048576"
    "memorysetup-job-temp-allocator-reduction-small-platforms=262144"
    "memorysetup-temp-allocator-size-background-worker=32768"
    "memorysetup-temp-allocator-size-job-worker=262144"
    "memorysetup-temp-allocator-size-preload-manager=33554432"
    "memorysetup-temp-allocator-size-nav-mesh-worker=65536"
    "memorysetup-temp-allocator-size-audio-worker=65536"
    "memorysetup-temp-allocator-size-cloud-worker=32768"
    "memorysetup-temp-allocator-size-gi-baking-worker=262144"
    "memorysetup-temp-allocator-size-gfx=262144"
Player connection [140704594186496] Host "[IP] 10.60.244.25 [Port] 0 [Flags] 2 [Guid] 3148175898 [EditorId] 3148175898 [Version] 1048832 [Id] OSXEditor(0,Bens-MacBook-Pro-5.local) [Debug] 1 [PackageName] OSXEditor [ProjectName] Editor" joined multi-casting on [225.0.0.222:54997]...

Player connection [140704594186496] Host "[IP] 10.60.244.25 [Port] 0 [Flags] 2 [Guid] 3148175898 [EditorId] 3148175898 [Version] 1048832 [Id] OSXEditor(0,Bens-MacBook-Pro-5.local) [Debug] 1 [PackageName] OSXEditor [ProjectName] Editor" joined alternative multi-casting on [225.0.0.222:34997]...

[Physics::Module] Initialized MultithreadedJobDispatcher with {0} workers.
Refreshing native plugins compatible for Editor in 146.91 ms, found 2 plugins.
Preloading 0 native plugins for Editor in 0.00 ms.
Initialize engine version: 2021.3.45f1 (0da89fac8e79)
[Subsystems] Discovering subsystems at path /Applications/Unity/Hub/Editor/2021.3.45f1/Unity.app/Contents/Resources/UnitySubsystems
[Subsystems] Discovering subsystems at path /Users/benz/Desktop/Stanford/FA25/Guru/PixelFlow_prototype2/My project (2)/Assets
GfxDevice: creating device client; threaded=0; jobified=0
Mi Monitor preferred device: AMD Radeon Pro 555X (high power)
Metal devices available: 2
0: AMD Radeon Pro 555X (high power)
1: Intel(R) UHD Graphics 630 (low power)
Using device AMD Radeon Pro 555X (high power)
Initializing Metal device caps: AMD Radeon Pro 555X
Initialize mono
Mono path[0] = '/Applications/Unity/Hub/Editor/2021.3.45f1/Unity.app/Contents/Managed'
Mono path[1] = '/Applications/Unity/Hub/Editor/2021.3.45f1/Unity.app/Contents/MonoBleedingEdge/lib/mono/unityjit-macos'
Mono config path = '/Applications/Unity/Hub/Editor/2021.3.45f1/Unity.app/Contents/MonoBleedingEdge/etc'
Using monoOptions --debugger-agent=transport=dt_socket,embedding=1,server=y,suspend=n,address=127.0.0.1:56395
Begin MonoManager ReloadAssembly
Registering precompiled unity dll's ...
Register platform support module: /Applications/Unity/Hub/Editor/2021.3.45f1/Unity.app/Contents/PlaybackEngines/MacStandaloneSupport/UnityEditor.OSXStandalone.Extensions.dll
Register platform support module: /Applications/Unity/Hub/Editor/2021.3.45f1/PlaybackEngines/AndroidPlayer/UnityEditor.Android.Extensions.dll
Register platform support module: /Applications/Unity/Hub/Editor/2021.3.45f1/PlaybackEngines/iOSSupport/UnityEditor.iOS.Extensions.dll
Registered in 0.005805 seconds.
[usbmuxd] Start listen thread
[usbmuxd] Listen thread started
[usbmuxd] Send listen message
[usbmuxd] Attached: 123 00008110-000E15A60261801E
Native extension for iOS target not found
Native extension for Android target not found
Android Extension - Scanning For ADB Devices 301 ms
Native extension for OSXStandalone target not found
Refreshing native plugins compatible for Editor in 119.30 ms, found 2 plugins.
Preloading 0 native plugins for Editor in 0.00 ms.
Mono: successfully reloaded assembly
- Completed reload, in  1.885 seconds
Domain Reload Profiling:
	ReloadAssembly (1885ms)
		BeginReloadAssembly (193ms)
			ExecutionOrderSort (0ms)
			DisableScriptedObjects (0ms)
			BackupInstance (0ms)
			ReleaseScriptingObjects (0ms)
			CreateAndSetChildDomain (1ms)
		EndReloadAssembly (1522ms)
			LoadAssemblies (195ms)
			RebuildTransferFunctionScriptingTraits (0ms)
			SetupTypeCache (217ms)
			ReleaseScriptCaches (0ms)
			RebuildScriptCaches (56ms)
			SetupLoadedEditorAssemblies (1159ms)
				LogAssemblyErrors (0ms)
				InitializePlatformSupportModulesInManaged (785ms)
				SetLoadedEditorAssemblies (1ms)
				RefreshPlugins (119ms)
				BeforeProcessingInitializeOnLoad (2ms)
				ProcessInitializeOnLoadAttributes (173ms)
				ProcessInitializeOnLoadMethodAttributes (78ms)
				AfterProcessingInitializeOnLoad (0ms)
				EditorAssembliesLoaded (0ms)
			ExecutionOrderSort2 (0ms)
			AwakeInstancesAfterBackupRestoration (0ms)
Platform modules already initialized, skipping
Registering precompiled user dll's ...
Registered in 0.009361 seconds.
Begin MonoManager ReloadAssembly
Native extension for iOS target not found
Native extension for Android target not found
Native extension for OSXStandalone target not found
Refreshing native plugins compatible for Editor in 1.00 ms, found 2 plugins.
Preloading 0 native plugins for Editor in 0.00 ms.
Package Manager log level set to [2]
[Package Manager] Server::EnsureServerProcessIsRunning -- launch failed, reason: Unity was launched with the -noUpm command-line argument
[Package Manager] Cannot connect to Unity Package Manager local server
Mono: successfully reloaded assembly
- Completed reload, in  2.022 seconds
Domain Reload Profiling:
	ReloadAssembly (2023ms)
		BeginReloadAssembly (166ms)
			ExecutionOrderSort (0ms)
			DisableScriptedObjects (12ms)
			BackupInstance (0ms)
			ReleaseScriptingObjects (0ms)
			CreateAndSetChildDomain (40ms)
		EndReloadAssembly (1690ms)
			LoadAssemblies (145ms)
			RebuildTransferFunctionScriptingTraits (0ms)
			SetupTypeCache (561ms)
			ReleaseScriptCaches (1ms)
			RebuildScriptCaches (93ms)
			SetupLoadedEditorAssemblies (788ms)
				LogAssemblyErrors (0ms)
				InitializePlatformSupportModulesInManaged (47ms)
				SetLoadedEditorAssemblies (1ms)
				RefreshPlugins (1ms)
				BeforeProcessingInitializeOnLoad (84ms)
				ProcessInitializeOnLoadAttributes (609ms)
				ProcessInitializeOnLoadMethodAttributes (44ms)
				AfterProcessingInitializeOnLoad (2ms)
				EditorAssembliesLoaded (0ms)
			ExecutionOrderSort2 (0ms)
			AwakeInstancesAfterBackupRestoration (9ms)
Platform modules already initialized, skipping
========================================================================
Worker process is ready to serve import requests
Launching external process: /Applications/Unity/Hub/Editor/2021.3.45f1/Unity.app/Contents/Tools/UnityShaderCompiler
Launched and connected shader compiler UnityShaderCompiler after 0.11 seconds
Refreshing native plugins compatible for Editor in 1.04 ms, found 2 plugins.
Preloading 0 native plugins for Editor in 0.00 ms.
Unloading 3147 Unused Serialized files (Serialized files now loaded: 0)
Unloading 24 unused Assets / (Unknown). Loaded Objects now: 3612.
Memory consumption went from 128.0 MB to 128.1 MB.
Total: 6.344323 ms (FindLiveObjects: 0.363133 ms CreateObjectMapping: 0.249270 ms MarkObjects: 5.558054 ms  DeleteObjects: 0.172320 ms)

AssetImportParameters requested are different than current active one (requested -> active):
  custom:video-decoder-ogg-theora: a1e56fd34408186e4bbccfd4996cb3dc -> 
  custom:container-muxer-webm: aa71ff27fc2769a1b78a27578f13a17b -> 
  custom:container-demuxer-webm: 4f35f7cbe854078d1ac9338744f61a02 -> 
  custom:video-encoder-webm-vp8: eb34c28f22e8b96e1ab97ce403110664 -> 
  custom:framework-osx-AVFoundation: e770b220cccbd017edd2c1fefb359320 -> 
  custom:CustomObjectIndexerAttribute: bc11b3a6c3213fcdd17b65e7da85e133 -> 
  custom:audio-encoder-webm-vorbis: bf7c407c2cedff20999df2af8eb42d56 -> 
  custom:SearchIndexIgnoredProperties: e643bd26f0fe6173181afceb89e7c659 -> 
  custom:container-demuxer-ogg: 62fdf1f143b41e24485cea50d1cbac27 -> 
  custom:video-decoder-webm-vp8: 9c59270c3fd7afecdb556c50c9e8de78 -> 
  custom:audio-decoder-ogg-vorbis: bf7c407c2cedff20999df2af8eb42d56 -> 
========================================================================
Received Prepare
Registering precompiled user dll's ...
Registered in 0.004747 seconds.
Begin MonoManager ReloadAssembly
Native extension for iOS target not found
Native extension for Android target not found
Native extension for OSXStandalone target not found
Refreshing native plugins compatible for Editor in 1.27 ms, found 2 plugins.
Preloading 0 native plugins for Editor in 0.00 ms.
[Package Manager] Server::EnsureServerProcessIsRunning -- launch failed, reason: Unity was launched with the -noUpm command-line argument
[Package Manager] Cannot connect to Unity Package Manager local server
Mono: successfully reloaded assembly
- Completed reload, in  2.646 seconds
Domain Reload Profiling:
	ReloadAssembly (2647ms)
		BeginReloadAssembly (324ms)
			ExecutionOrderSort (0ms)
			DisableScriptedObjects (9ms)
			BackupInstance (0ms)
			ReleaseScriptingObjects (0ms)
			CreateAndSetChildDomain (82ms)
		EndReloadAssembly (2111ms)
			LoadAssemblies (252ms)
			RebuildTransferFunctionScriptingTraits (0ms)
			SetupTypeCache (614ms)
			ReleaseScriptCaches (1ms)
			RebuildScriptCaches (87ms)
			SetupLoadedEditorAssemblies (1125ms)
				LogAssemblyErrors (0ms)
				InitializePlatformSupportModulesInManaged (61ms)
				SetLoadedEditorAssemblies (1ms)
				RefreshPlugins (1ms)
				BeforeProcessingInitializeOnLoad (77ms)
				ProcessInitializeOnLoadAttributes (944ms)
				ProcessInitializeOnLoadMethodAttributes (37ms)
				AfterProcessingInitializeOnLoad (3ms)
				EditorAssembliesLoaded (0ms)
			ExecutionOrderSort2 (0ms)
			AwakeInstancesAfterBackupRestoration (10ms)
Platform modules already initialized, skipping
Refreshing native plugins compatible for Editor in 1.82 ms, found 2 plugins.
Preloading 0 native plugins for Editor in 0.00 ms.
Unloading 3126 Unused Serialized files (Serialized files now loaded: 0)
Unloading 20 unused Assets / (37.9 KB). Loaded Objects now: 3616.
Memory consumption went from 125.9 MB to 125.9 MB.
Total: 4.712783 ms (FindLiveObjects: 0.413097 ms CreateObjectMapping: 0.310204 ms MarkObjects: 3.907469 ms  DeleteObjects: 0.080499 ms)

AssetImportParameters requested are different than current active one (requested -> active):
  custom:video-decoder-ogg-theora: a1e56fd34408186e4bbccfd4996cb3dc -> 
  custom:container-muxer-webm: aa71ff27fc2769a1b78a27578f13a17b -> 
  custom:container-demuxer-webm: 4f35f7cbe854078d1ac9338744f61a02 -> 
  custom:video-encoder-webm-vp8: eb34c28f22e8b96e1ab97ce403110664 -> 
  custom:framework-osx-AVFoundation: e770b220cccbd017edd2c1fefb359320 -> 
  custom:CustomObjectIndexerAttribute: bc11b3a6c3213fcdd17b65e7da85e133 -> 
  custom:audio-encoder-webm-vorbis: bf7c407c2cedff20999df2af8eb42d56 -> 
  custom:SearchIndexIgnoredProperties: e643bd26f0fe6173181afceb89e7c659 -> 
  custom:container-demuxer-ogg: 62fdf1f143b41e24485cea50d1cbac27 -> 
  custom:video-decoder-webm-vp8: 9c59270c3fd7afecdb556c50c9e8de78 -> 
  custom:audio-decoder-ogg-vorbis: bf7c407c2cedff20999df2af8eb42d56 -> 
========================================================================
Received Import Request.
  Time since last request: 5122987.753983 seconds.
  path: Assets/Layer Lab/GUI-BlueSky/Prefabs/Prefabs_Component_ActionText/ActionText_Amazing.prefab
  artifactKey: Guid(ba06d27c1a0bb4da3a3354f9d13044a1) Importer(815301076,1909f56bfc062723c751e8b465ee728b)
Number of updated assets reloaded before import = 0
Start importing Assets/Layer Lab/GUI-BlueSky/Prefabs/Prefabs_Component_ActionText/ActionText_Amazing.prefab using Guid(ba06d27c1a0bb4da3a3354f9d13044a1) Importer(815301076,1909f56bfc062723c751e8b465ee728b)  -> (artifact id: '02556a006eed5ad0844b0d5201874042') in 0.329333 seconds 
Number of asset objects unloaded after import = 7
========================================================================
Received Import Request.
  Time since last request: 3.114648 seconds.
  path: Assets/Layer Lab/GUI-BlueSky/Prefabs/Prefabs_Component_Buttons/Button_Circle00.prefab
  artifactKey: Guid(8ad33cc2766c04e2c94a9cc13345b68b) Importer(815301076,1909f56bfc062723c751e8b465ee728b)
Number of updated assets reloaded before import = 0
Start importing Assets/Layer Lab/GUI-BlueSky/Prefabs/Prefabs_Component_Buttons/Button_Circle00.prefab using Guid(8ad33cc2766c04e2c94a9cc13345b68b) Importer(815301076,1909f56bfc062723c751e8b465ee728b)  -> (artifact id: '2dc123a27900f726530209ec1004ea71') in 0.011057 seconds 
Number of asset objects unloaded after import = 13
========================================================================
Received Import Request.
  Time since last request: 0.000182 seconds.
  path: Assets/Layer Lab/GUI-BlueSky/Prefabs/Prefabs_Component_Buttons/Button_Rectangle00-Group.prefab
  artifactKey: Guid(63c532de86522419382040fde114813d) Importer(815301076,1909f56bfc062723c751e8b465ee728b)
Number of updated assets reloaded before import = 0
Start importing Assets/Layer Lab/GUI-BlueSky/Prefabs/Prefabs_Component_Buttons/Button_Rectangle00-Group.prefab using Guid(63c532de86522419382040fde114813d) Importer(815301076,1909f56bfc062723c751e8b465ee728b)  -> (artifact id: '8ed9d34f49c364f6349381350f1f751a') in 0.061737 seconds 
Number of asset objects unloaded after import = 88
========================================================================
Received Import Request.
  Time since last request: 0.000088 seconds.
  path: Assets/Layer Lab/GUI-BlueSky/Prefabs/Prefabs_Component_Buttons/Button_Rectangle04_DemoBlue.prefab
  artifactKey: Guid(bab2c9803222d4c7a93c46ebf3425f6c) Importer(815301076,1909f56bfc062723c751e8b465ee728b)
Number of updated assets reloaded before import = 0
Start importing Assets/Layer Lab/GUI-BlueSky/Prefabs/Prefabs_Component_Buttons/Button_Rectangle04_DemoBlue.prefab using Guid(bab2c9803222d4c7a93c46ebf3425f6c) Importer(815301076,1909f56bfc062723c751e8b465ee728b)  -> (artifact id: 'd283a5a5d54681451b11895006a6bf65') in 0.031918 seconds 
Number of asset objects unloaded after import = 15
========================================================================
Received Import Request.
  Time since last request: 0.000107 seconds.
  path: Assets/Layer Lab/GUI-BlueSky/Prefabs/Prefabs_Component_Buttons/Button_Rectangle05_Blue.prefab
  artifactKey: Guid(4f2ef20cf2b4846f08e4299e9548fa85) Importer(815301076,1909f56bfc062723c751e8b465ee728b)
Number of updated assets reloaded before import = 0
Start importing Assets/Layer Lab/GUI-BlueSky/Prefabs/Prefabs_Component_Buttons/Button_Rectangle05_Blue.prefab using Guid(4f2ef20cf2b4846f08e4299e9548fa85) Importer(815301076,1909f56bfc062723c751e8b465ee728b)  -> (artifact id: '83580d40b4a40ac74782eccef8eacbbd') in 0.026290 seconds 
Number of asset objects unloaded after import = 20
========================================================================
Received Import Request.
  Time since last request: 0.000098 seconds.
  path: Assets/Layer Lab/GUI-BlueSky/Prefabs/Prefabs_Component_Buttons/Button_Rectangle03_White.prefab
  artifactKey: Guid(2584457e2ac0a47f583d9bce32cdc648) Importer(815301076,1909f56bfc062723c751e8b465ee728b)
Number of updated assets reloaded before import = 0
Start importing Assets/Layer Lab/GUI-BlueSky/Prefabs/Prefabs_Component_Buttons/Button_Rectangle03_White.prefab using Guid(2584457e2ac0a47f583d9bce32cdc648) Importer(815301076,1909f56bfc062723c751e8b465ee728b)  -> (artifact id: '0205d5ee2fd636710f8d6af5d0e4fcc2') in 0.027239 seconds 
Number of asset objects unloaded after import = 15
========================================================================
Received Import Request.
  Time since last request: 0.000093 seconds.
  path: Assets/Layer Lab/GUI-BlueSky/Prefabs/Prefabs_Component_Buttons/Button_Rectangle02.prefab
  artifactKey: Guid(b06dda8932aaf401e9b2b7e4e3b8ae81) Importer(815301076,1909f56bfc062723c751e8b465ee728b)
Number of updated assets reloaded before import = 0
Start importing Assets/Layer Lab/GUI-BlueSky/Prefabs/Prefabs_Component_Buttons/Button_Rectangle02.prefab using Guid(b06dda8932aaf401e9b2b7e4e3b8ae81) Importer(815301076,1909f56bfc062723c751e8b465ee728b)  -> (artifact id: 'c5dd4f09750db77e6fa1549f3404a6b0') in 0.022164 seconds 
Number of asset objects unloaded after import = 15
========================================================================
Received Import Request.
  Time since last request: 0.000107 seconds.
  path: Assets/Layer Lab/GUI-BlueSky/Prefabs/Prefabs_Component_Buttons/Button_Rectangle07.prefab
  artifactKey: Guid(b4d6a1e47779945f9bf9cd0b90282eb1) Importer(815301076,1909f56bfc062723c751e8b465ee728b)
Number of updated assets reloaded before import = 0
Start importing Assets/Layer Lab/GUI-BlueSky/Prefabs/Prefabs_Component_Buttons/Button_Rectangle07.prefab using Guid(b4d6a1e47779945f9bf9cd0b90282eb1) Importer(815301076,1909f56bfc062723c751e8b465ee728b)  -> (artifact id: '13490a98f147d40e987310b470c5616d') in 0.025009 seconds 
Number of asset objects unloaded after import = 19
========================================================================
Received Import Request.
  Time since last request: 0.000074 seconds.
  path: Assets/Layer Lab/GUI-BlueSky/Prefabs/Prefabs_Component_Buttons/Button_Rectangle00_Blue.prefab
  artifactKey: Guid(ba1ca7ccfd04b49eb84766e4382ae4a7) Importer(815301076,1909f56bfc062723c751e8b465ee728b)
Number of updated assets reloaded before import = 0
Start importing Assets/Layer Lab/GUI-BlueSky/Prefabs/Prefabs_Component_Buttons/Button_Rectangle00_Blue.prefab using Guid(ba1ca7ccfd04b49eb84766e4382ae4a7) Importer(815301076,1909f56bfc062723c751e8b465ee728b)  -> (artifact id: '3a2fd0dc71cc628075ba84a798e4d62d') in 0.024191 seconds 
Number of asset objects unloaded after import = 26
========================================================================
Received Import Request.
  Time since last request: 0.000149 seconds.
  path: Assets/Layer Lab/GUI-BlueSky/Prefabs/Prefabs_Component_Buttons/Button_Rectangle00_Yellow.prefab
  artifactKey: Guid(6bc50a13c439a4db7af4cafffb0de6f9) Importer(815301076,1909f56bfc062723c751e8b465ee728b)
Number of updated assets reloaded before import = 0
Start importing Assets/Layer Lab/GUI-BlueSky/Prefabs/Prefabs_Component_Buttons/Button_Rectangle00_Yellow.prefab using Guid(6bc50a13c439a4db7af4cafffb0de6f9) Importer(815301076,1909f56bfc062723c751e8b465ee728b)  -> (artifact id: '5cd271aed282259307e4b0e5d30d2d17') in 0.024933 seconds 
Number of asset objects unloaded after import = 26
========================================================================
Received Import Request.
  Time since last request: 0.000090 seconds.
  path: Assets/Layer Lab/GUI-BlueSky/Prefabs/Prefabs_Component_Buttons/Button_Circle01_Blue.prefab
  artifactKey: Guid(7a1831761b9a34789b40deb4833a4e64) Importer(815301076,1909f56bfc062723c751e8b465ee728b)
Number of updated assets reloaded before import = 0
Start importing Assets/Layer Lab/GUI-BlueSky/Prefabs/Prefabs_Component_Buttons/Button_Circle01_Blue.prefab using Guid(7a1831761b9a34789b40deb4833a4e64) Importer(815301076,1909f56bfc062723c751e8b465ee728b)  -> (artifact id: '012ff698ec340f840a64b4f54d6aa140') in 0.005621 seconds 
Number of asset objects unloaded after import = 13
========================================================================
Received Import Request.
  Time since last request: 0.000099 seconds.
  path: Assets/Layer Lab/GUI-BlueSky/Prefabs/Prefabs_Component_Buttons/Button_Rectangle01.prefab
  artifactKey: Guid(2388e93f0a04c45fab0eedc6e38a36e7) Importer(815301076,1909f56bfc062723c751e8b465ee728b)
Number of updated assets reloaded before import = 0
Start importing Assets/Layer Lab/GUI-BlueSky/Prefabs/Prefabs_Component_Buttons/Button_Rectangle01.prefab using Guid(2388e93f0a04c45fab0eedc6e38a36e7) Importer(815301076,1909f56bfc062723c751e8b465ee728b)  -> (artifact id: 'c1a38fd74f4a86045c40780597f4cc42') in 0.026708 seconds 
Number of asset objects unloaded after import = 20
========================================================================
Received Import Request.
  Time since last request: 0.000084 seconds.
  path: Assets/Layer Lab/GUI-BlueSky/Prefabs/Prefabs_Component_Buttons/Button_Square00_Yellow.prefab
  artifactKey: Guid(8a16840f8919a4e16b57cae038ac341f) Importer(815301076,1909f56bfc062723c751e8b465ee728b)
Number of updated assets reloaded before import = 0
Start importing Assets/Layer Lab/GUI-BlueSky/Prefabs/Prefabs_Component_Buttons/Button_Square00_Yellow.prefab using Guid(8a16840f8919a4e16b57cae038ac341f) Importer(815301076,1909f56bfc062723c751e8b465ee728b)  -> (artifact id: 'e67d8c7878d6e9a551c823b60d467db3') in 0.004836 seconds 
Number of asset objects unloaded after import = 13
========================================================================
Received Import Request.
  Time since last request: 0.000116 seconds.
  path: Assets/Layer Lab/GUI-BlueSky/Prefabs/Prefabs_Component_Buttons/Button_Rectangle05_Navy.prefab
  artifactKey: Guid(98e2595ed8f5349fabaeab27f3bdec2e) Importer(815301076,1909f56bfc062723c751e8b465ee728b)
Number of updated assets reloaded before import = 0
Start importing Assets/Layer Lab/GUI-BlueSky/Prefabs/Prefabs_Component_Buttons/Button_Rectangle05_Navy.prefab using Guid(98e2595ed8f5349fabaeab27f3bdec2e) Importer(815301076,1909f56bfc062723c751e8b465ee728b)  -> (artifact id: 'ff49ce740309f2a1c77b68feb23c2ff5') in 0.024359 seconds 
Number of asset objects unloaded after import = 20
========================================================================
Received Import Request.
  Time since last request: 0.000094 seconds.
  path: Assets/Layer Lab/GUI-BlueSky/Prefabs/Prefabs_Component_Buttons/Button_Rectangle04_White.prefab
  artifactKey: Guid(7377c1a35e9654a00bbb1fd1c62c2ab0) Importer(815301076,1909f56bfc062723c751e8b465ee728b)
Number of updated assets reloaded before import = 0
Start importing Assets/Layer Lab/GUI-BlueSky/Prefabs/Prefabs_Component_Buttons/Button_Rectangle04_White.prefab using Guid(7377c1a35e9654a00bbb1fd1c62c2ab0) Importer(815301076,1909f56bfc062723c751e8b465ee728b)  -> (artifact id: 'ae59da95a9d13825cdabeb05682ae93f') in 0.025491 seconds 
Number of asset objects unloaded after import = 15
========================================================================
Received Import Request.
  Time since last request: 0.000088 seconds.
  path: Assets/Layer Lab/GUI-BlueSky/Prefabs/Prefabs_Component_Buttons/Button_Rectangle04_Gray.prefab
  artifactKey: Guid(76e394520baf9435c8956e5a9d16c09a) Importer(815301076,1909f56bfc062723c751e8b465ee728b)
Number of updated assets reloaded before import = 0
Start importing Assets/Layer Lab/GUI-BlueSky/Prefabs/Prefabs_Component_Buttons/Button_Rectangle04_Gray.prefab using Guid(76e394520baf9435c8956e5a9d16c09a) Importer(815301076,1909f56bfc062723c751e8b465ee728b)  -> (artifact id: 'd6fa3519b5ab448066dbf467b0a23dba') in 0.024882 seconds 
Number of asset objects unloaded after import = 15
========================================================================
Received Import Request.
  Time since last request: 0.000096 seconds.
  path: Assets/Layer Lab/GUI-BlueSky/Prefabs/Prefabs_Component_Buttons/Button_Square00_Blue.prefab
  artifactKey: Guid(b0a204b50036b48d8ab57bc0fcbcd98c) Importer(815301076,1909f56bfc062723c751e8b465ee728b)
Number of updated assets reloaded before import = 0
Start importing Assets/Layer Lab/GUI-BlueSky/Prefabs/Prefabs_Component_Buttons/Button_Square00_Blue.prefab using Guid(b0a204b50036b48d8ab57bc0fcbcd98c) Importer(815301076,1909f56bfc062723c751e8b465ee728b)  -> (artifact id: '10396b81d523e7d543e9fdbafa519975') in 0.006084 seconds 
Number of asset objects unloaded after import = 13
========================================================================
Received Import Request.
  Time since last request: 0.000132 seconds.
  path: Assets/Layer Lab/GUI-BlueSky/Prefabs/Prefabs_Component_Buttons/Button_Rectangle04_Green.prefab
  artifactKey: Guid(5176f5b1d5bfe4bb4acc85000e8b3c47) Importer(815301076,1909f56bfc062723c751e8b465ee728b)
Number of updated assets reloaded before import = 0
Start importing Assets/Layer Lab/GUI-BlueSky/Prefabs/Prefabs_Component_Buttons/Button_Rectangle04_Green.prefab using Guid(5176f5b1d5bfe4bb4acc85000e8b3c47) Importer(815301076,1909f56bfc062723c751e8b465ee728b)  -> (artifact id: '94127326c70147da24be7ac04edc0b77') in 0.022498 seconds 
Number of asset objects unloaded after import = 15
========================================================================
Received Import Request.
  Time since last request: 0.000116 seconds.
  path: Assets/Layer Lab/GUI-BlueSky/Prefabs/Prefabs_Component_Buttons/Button_Square00-Group.prefab
  artifactKey: Guid(2823d62855fbe481689af1542349706e) Importer(815301076,1909f56bfc062723c751e8b465ee728b)
Number of updated assets reloaded before import = 0
Start importing Assets/Layer Lab/GUI-BlueSky/Prefabs/Prefabs_Component_Buttons/Button_Square00-Group.prefab using Guid(2823d62855fbe481689af1542349706e) Importer(815301076,1909f56bfc062723c751e8b465ee728b)  -> (artifact id: 'c02f2d46f871b5c2ae64253245b285e7') in 0.008196 seconds 
Number of asset objects unloaded after import = 43
========================================================================
Received Import Request.
  Time since last request: 5.775520 seconds.
  path: Assets/Layer Lab/GUI-BlueSky/Prefabs/Prefabs_Component_Frames/Frame_Circle_78_Demo.prefab
  artifactKey: Guid(0c1cc4721078e439ab49043b1b1c1dcc) Importer(815301076,1909f56bfc062723c751e8b465ee728b)
Number of updated assets reloaded before import = 0
Start importing Assets/Layer Lab/GUI-BlueSky/Prefabs/Prefabs_Component_Frames/Frame_Circle_78_Demo.prefab using Guid(0c1cc4721078e439ab49043b1b1c1dcc) Importer(815301076,1909f56bfc062723c751e8b465ee728b)  -> (artifact id: '24f3ef0a1156ec669b5d895d4d022e08') in 0.022308 seconds 
Number of asset objects unloaded after import = 14
========================================================================
Received Import Request.
  Time since last request: 0.000100 seconds.
  path: Assets/Layer Lab/GUI-BlueSky/Prefabs/Prefabs_Component_Frames/Frame_Rectangle01_White.prefab
  artifactKey: Guid(0558b252db66d4a7a97e132362f36d6f) Importer(815301076,1909f56bfc062723c751e8b465ee728b)
Number of updated assets reloaded before import = 0
Start importing Assets/Layer Lab/GUI-BlueSky/Prefabs/Prefabs_Component_Frames/Frame_Rectangle01_White.prefab using Guid(0558b252db66d4a7a97e132362f36d6f) Importer(815301076,1909f56bfc062723c751e8b465ee728b)  -> (artifact id: '69358d2936fc543e8ec409c3a45776dd') in 0.024448 seconds 
Number of asset objects unloaded after import = 15
========================================================================
Received Import Request.
  Time since last request: 0.000104 seconds.
  path: Assets/Layer Lab/GUI-BlueSky/Prefabs/Prefabs_Component_Frames/ItemFrame01_White.prefab
  artifactKey: Guid(468a4afc9048d4515992a4d5ca7d5798) Importer(815301076,1909f56bfc062723c751e8b465ee728b)
Number of updated assets reloaded before import = 0
Start importing Assets/Layer Lab/GUI-BlueSky/Prefabs/Prefabs_Component_Frames/ItemFrame01_White.prefab using Guid(468a4afc9048d4515992a4d5ca7d5798) Importer(815301076,1909f56bfc062723c751e8b465ee728b)  -> (artifact id: 'c91d4d373c00a19931140fcae2ce1c16') in 0.006200 seconds 
Number of asset objects unloaded after import = 13
========================================================================
Received Import Request.
  Time since last request: 0.000072 seconds.
  path: Assets/Layer Lab/GUI-BlueSky/Prefabs/Prefabs_Component_Frames/StageFrame-Group.prefab
  artifactKey: Guid(619d94e2c71c2467392b1b575b25cb73) Importer(815301076,1909f56bfc062723c751e8b465ee728b)
Number of updated assets reloaded before import = 0
Start importing Assets/Layer Lab/GUI-BlueSky/Prefabs/Prefabs_Component_Frames/StageFrame-Group.prefab using Guid(619d94e2c71c2467392b1b575b25cb73) Importer(815301076,1909f56bfc062723c751e8b465ee728b)  -> (artifact id: 'cd29892165680d6ff9300ea2520904ff') in 0.030160 seconds 
Number of asset objects unloaded after import = 69
========================================================================
Received Import Request.
  Time since last request: 0.000098 seconds.
  path: Assets/Layer Lab/GUI-BlueSky/Prefabs/Prefabs_Component_Frames/Frame_Square00_Green1.prefab
  artifactKey: Guid(14d3cd76aa0f24290bff9823689acacb) Importer(815301076,1909f56bfc062723c751e8b465ee728b)
Number of updated assets reloaded before import = 0
Start importing Assets/Layer Lab/GUI-BlueSky/Prefabs/Prefabs_Component_Frames/Frame_Square00_Green1.prefab using Guid(14d3cd76aa0f24290bff9823689acacb) Importer(815301076,1909f56bfc062723c751e8b465ee728b)  -> (artifact id: '6ac84dbb39bbd2b67140cf55497bafa5') in 0.005581 seconds 
Number of asset objects unloaded after import = 12
========================================================================
Received Import Request.
  Time since last request: 0.000097 seconds.
  path: Assets/Layer Lab/GUI-BlueSky/Prefabs/Prefabs_Component_Frames/ListFrame01.prefab
  artifactKey: Guid(910373a9cbd2e4017ba603cd531de067) Importer(815301076,1909f56bfc062723c751e8b465ee728b)
Number of updated assets reloaded before import = 0
Start importing Assets/Layer Lab/GUI-BlueSky/Prefabs/Prefabs_Component_Frames/ListFrame01.prefab using Guid(910373a9cbd2e4017ba603cd531de067) Importer(815301076,1909f56bfc062723c751e8b465ee728b)  -> (artifact id: '2a803314ae32a39e29af7059859e65d7') in 0.025446 seconds 
Number of asset objects unloaded after import = 19
========================================================================
Received Import Request.
  Time since last request: 0.000075 seconds.
  path: Assets/Layer Lab/GUI-BlueSky/Prefabs/Prefabs_Component_Frames/Frame_Square00_Green2.prefab
  artifactKey: Guid(e5bc46bd3035a4cd4b0a87f96497638c) Importer(815301076,1909f56bfc062723c751e8b465ee728b)
Number of updated assets reloaded before import = 0
Start importing Assets/Layer Lab/GUI-BlueSky/Prefabs/Prefabs_Component_Frames/Frame_Square00_Green2.prefab using Guid(e5bc46bd3035a4cd4b0a87f96497638c) Importer(815301076,1909f56bfc062723c751e8b465ee728b)  -> (artifact id: '15285a6bfbe835ed7b1d6836c4234aff') in 0.005932 seconds 
Number of asset objects unloaded after import = 12
========================================================================
Received Import Request.
  Time since last request: 0.000090 seconds.
  path: Assets/Layer Lab/GUI-BlueSky/Prefabs/Prefabs_Component_Frames/ItemFrame00-Group_Demo.prefab
  artifactKey: Guid(fc23d3ee48cb04a9b9f6dbd3ede6bc1a) Importer(815301076,1909f56bfc062723c751e8b465ee728b)
Number of updated assets reloaded before import = 0
Start importing Assets/Layer Lab/GUI-BlueSky/Prefabs/Prefabs_Component_Frames/ItemFrame00-Group_Demo.prefab using Guid(fc23d3ee48cb04a9b9f6dbd3ede6bc1a) Importer(815301076,1909f56bfc062723c751e8b465ee728b)  -> (artifact id: 'b328034bbc86dba6f25bc4fd01a0b4cf') in 0.008051 seconds 
Number of asset objects unloaded after import = 57
========================================================================
Received Import Request.
  Time since last request: 0.000096 seconds.
  path: Assets/Layer Lab/GUI-BlueSky/Prefabs/Prefabs_Component_Frames/Frame_Square00_Purple.prefab
  artifactKey: Guid(5e4686a4b2e594e4dba8b15bdae95c8f) Importer(815301076,1909f56bfc062723c751e8b465ee728b)
Number of updated assets reloaded before import = 0
Start importing Assets/Layer Lab/GUI-BlueSky/Prefabs/Prefabs_Component_Frames/Frame_Square00_Purple.prefab using Guid(5e4686a4b2e594e4dba8b15bdae95c8f) Importer(815301076,1909f56bfc062723c751e8b465ee728b)  -> (artifact id: '01590a44143681ee2166a3d7d5185326') in 0.005599 seconds 
Number of asset objects unloaded after import = 12
========================================================================
Received Import Request.
  Time since last request: 0.000134 seconds.
  path: Assets/Layer Lab/GUI-BlueSky/Prefabs/Prefabs_Component_Frames/ListFrame00.prefab
  artifactKey: Guid(f7c0a06ab0999462b970a8bb5523de7f) Importer(815301076,1909f56bfc062723c751e8b465ee728b)
Number of updated assets reloaded before import = 0
Start importing Assets/Layer Lab/GUI-BlueSky/Prefabs/Prefabs_Component_Frames/ListFrame00.prefab using Guid(f7c0a06ab0999462b970a8bb5523de7f) Importer(815301076,1909f56bfc062723c751e8b465ee728b)  -> (artifact id: '75cc02f49b462fa23e71c1b69f0b65fa') in 0.048204 seconds 
Number of asset objects unloaded after import = 31
========================================================================
Received Import Request.
  Time since last request: 0.000102 seconds.
  path: Assets/Layer Lab/GUI-BlueSky/Prefabs/Prefabs_Component_Frames/Frame_Rectangle00_Demo.prefab
  artifactKey: Guid(6cc9d8de9a7344369a09f5646909f7c9) Importer(815301076,1909f56bfc062723c751e8b465ee728b)
Number of updated assets reloaded before import = 0
Start importing Assets/Layer Lab/GUI-BlueSky/Prefabs/Prefabs_Component_Frames/Frame_Rectangle00_Demo.prefab using Guid(6cc9d8de9a7344369a09f5646909f7c9) Importer(815301076,1909f56bfc062723c751e8b465ee728b)  -> (artifact id: '50e5ebe21c5cac5f42e79c2b1838d4db') in 0.034333 seconds 
Number of asset objects unloaded after import = 14
========================================================================
Received Import Request.
  Time since last request: 0.000106 seconds.
  path: Assets/Layer Lab/GUI-BlueSky/Prefabs/Prefabs_Component_Frames/Frame_Rectangle00_White.prefab
  artifactKey: Guid(05afee7ebe1f845339850ad30d8b3988) Importer(815301076,1909f56bfc062723c751e8b465ee728b)
Number of updated assets reloaded before import = 0
Start importing Assets/Layer Lab/GUI-BlueSky/Prefabs/Prefabs_Component_Frames/Frame_Rectangle00_White.prefab using Guid(05afee7ebe1f845339850ad30d8b3988) Importer(815301076,1909f56bfc062723c751e8b465ee728b)  -> (artifact id: 'b639c510f787b659e59d4ed14106bf23') in 0.024317 seconds 
Number of asset objects unloaded after import = 14
========================================================================
Received Import Request.
  Time since last request: 0.000098 seconds.
  path: Assets/Layer Lab/GUI-BlueSky/Prefabs/Prefabs_Component_Frames/Frame_Square00_Yellow.prefab
  artifactKey: Guid(dcca74976ea7d45d4868757a5a25409d) Importer(815301076,1909f56bfc062723c751e8b465ee728b)
Number of updated assets reloaded before import = 0
Start importing Assets/Layer Lab/GUI-BlueSky/Prefabs/Prefabs_Component_Frames/Frame_Square00_Yellow.prefab using Guid(dcca74976ea7d45d4868757a5a25409d) Importer(815301076,1909f56bfc062723c751e8b465ee728b)  -> (artifact id: '1296eb8c4f28142922a631da0fac507c') in 0.009014 seconds 
Number of asset objects unloaded after import = 12
========================================================================
Received Import Request.
  Time since last request: 3.366007 seconds.
  path: Assets/Layer Lab/GUI-BlueSky/Prefabs/Prefabs_Component_Popups/Popup00.prefab
  artifactKey: Guid(8b710f6b6e0ec40f7aa954e6b6acca53) Importer(815301076,1909f56bfc062723c751e8b465ee728b)
Number of updated assets reloaded before import = 0
Start importing Assets/Layer Lab/GUI-BlueSky/Prefabs/Prefabs_Component_Popups/Popup00.prefab using Guid(8b710f6b6e0ec40f7aa954e6b6acca53) Importer(815301076,1909f56bfc062723c751e8b465ee728b)  -> (artifact id: 'bc740335a4b14372ba402f69c983b3ad') in 0.023210 seconds 
Number of asset objects unloaded after import = 30
========================================================================
Received Import Request.
  Time since last request: 0.000144 seconds.
  path: Assets/Layer Lab/GUI-BlueSky/Prefabs/Prefabs_Component_Popups/Popup01_TabMenu.prefab
  artifactKey: Guid(073a26ba69f6f484ea327ee715cc6dde) Importer(815301076,1909f56bfc062723c751e8b465ee728b)
Number of updated assets reloaded before import = 0
Start importing Assets/Layer Lab/GUI-BlueSky/Prefabs/Prefabs_Component_Popups/Popup01_TabMenu.prefab using Guid(073a26ba69f6f484ea327ee715cc6dde) Importer(815301076,1909f56bfc062723c751e8b465ee728b)  -> (artifact id: '476d01fcdb2c7474ecc60c75f1494226') in 0.060596 seconds 
Number of asset objects unloaded after import = 67
========================================================================
Received Import Request.
  Time since last request: 2.519963 seconds.
  path: Assets/Layer Lab/GUI-BlueSky/Prefabs/Prefabs_Component_Sliders/Slider00-Group.prefab
  artifactKey: Guid(4abd79e12918044a99757c4ce332ec86) Importer(815301076,1909f56bfc062723c751e8b465ee728b)
Number of updated assets reloaded before import = 0
Start importing Assets/Layer Lab/GUI-BlueSky/Prefabs/Prefabs_Component_Sliders/Slider00-Group.prefab using Guid(4abd79e12918044a99757c4ce332ec86) Importer(815301076,1909f56bfc062723c751e8b465ee728b)  -> (artifact id: '3e1aa626a629bed72107708a0734f716') in 0.030351 seconds 
Number of asset objects unloaded after import = 84
========================================================================
Received Import Request.
  Time since last request: 0.000102 seconds.
  path: Assets/Layer Lab/GUI-BlueSky/Prefabs/Prefabs_Component_Sliders/Slider01_Green.prefab
  artifactKey: Guid(8ac180967661747979fe72d80b198ee9) Importer(815301076,1909f56bfc062723c751e8b465ee728b)
Number of updated assets reloaded before import = 0
Start importing Assets/Layer Lab/GUI-BlueSky/Prefabs/Prefabs_Component_Sliders/Slider01_Green.prefab using Guid(8ac180967661747979fe72d80b198ee9) Importer(815301076,1909f56bfc062723c751e8b465ee728b)  -> (artifact id: '62b63136f05713afe05d41bfd60e3bf1') in 0.023469 seconds 
Number of asset objects unloaded after import = 27
========================================================================
Received Import Request.
  Time since last request: 0.000106 seconds.
  path: Assets/Layer Lab/GUI-BlueSky/Prefabs/Prefabs_Component_Sliders/Slider_IconType_Demo.prefab
  artifactKey: Guid(1e4d76b2b481a4fbdbb2722df32cc4f2) Importer(815301076,1909f56bfc062723c751e8b465ee728b)
Number of updated assets reloaded before import = 0
Start importing Assets/Layer Lab/GUI-BlueSky/Prefabs/Prefabs_Component_Sliders/Slider_IconType_Demo.prefab using Guid(1e4d76b2b481a4fbdbb2722df32cc4f2) Importer(815301076,1909f56bfc062723c751e8b465ee728b)  -> (artifact id: '586620c1c226e358825c150bb2682c85') in 0.029222 seconds 
Number of asset objects unloaded after import = 34
========================================================================
Received Import Request.
  Time since last request: 0.000111 seconds.
  path: Assets/Layer Lab/GUI-BlueSky/Prefabs/Prefabs_Component_Sliders/SliderGroup_UserInfoSlider02_Demo.prefab
  artifactKey: Guid(36ed03aca9c074290ba59e74a215d588) Importer(815301076,1909f56bfc062723c751e8b465ee728b)
Number of updated assets reloaded before import = 0
Start importing Assets/Layer Lab/GUI-BlueSky/Prefabs/Prefabs_Component_Sliders/SliderGroup_UserInfoSlider02_Demo.prefab using Guid(36ed03aca9c074290ba59e74a215d588) Importer(815301076,1909f56bfc062723c751e8b465ee728b)  -> (artifact id: '45eb2021aed02b593cd0b176b9ab3432') in 0.006312 seconds 
Number of asset objects unloaded after import = 18
========================================================================
Received Import Request.
  Time since last request: 0.000090 seconds.
  path: Assets/Layer Lab/GUI-BlueSky/Prefabs/Prefabs_Component_Sliders/SliderGroup_UserInfoSlider02_White.prefab
  artifactKey: Guid(bf9e7340399414314967702e4661a861) Importer(815301076,1909f56bfc062723c751e8b465ee728b)
Number of updated assets reloaded before import = 0
Start importing Assets/Layer Lab/GUI-BlueSky/Prefabs/Prefabs_Component_Sliders/SliderGroup_UserInfoSlider02_White.prefab using Guid(bf9e7340399414314967702e4661a861) Importer(815301076,1909f56bfc062723c751e8b465ee728b)  -> (artifact id: 'ccf307053539a5b6293546cc383ab61f') in 0.006066 seconds 
Number of asset objects unloaded after import = 18
========================================================================
Received Import Request.
  Time since last request: 0.000078 seconds.
  path: Assets/Layer Lab/GUI-BlueSky/Prefabs/Prefabs_Component_Sliders/Slider01_Blue.prefab
  artifactKey: Guid(e6fe743ee12624a1bb41502c9e14b02e) Importer(815301076,1909f56bfc062723c751e8b465ee728b)
Number of updated assets reloaded before import = 0
Start importing Assets/Layer Lab/GUI-BlueSky/Prefabs/Prefabs_Component_Sliders/Slider01_Blue.prefab using Guid(e6fe743ee12624a1bb41502c9e14b02e) Importer(815301076,1909f56bfc062723c751e8b465ee728b)  -> (artifact id: '436127b85b63081c126a23727481294a') in 0.091509 seconds 
Number of asset objects unloaded after import = 27
========================================================================
Received Import Request.
  Time since last request: 0.009176 seconds.
  path: Assets/Layer Lab/GUI-BlueSky/Prefabs/Prefabs_Component_Sliders/SliderGroup_UserInfo_Demo.prefab
  artifactKey: Guid(70544cd9020754f5eaa17497f8b2e5fc) Importer(815301076,1909f56bfc062723c751e8b465ee728b)
Number of updated assets reloaded before import = 0
Start importing Assets/Layer Lab/GUI-BlueSky/Prefabs/Prefabs_Component_Sliders/SliderGroup_UserInfo_Demo.prefab using Guid(70544cd9020754f5eaa17497f8b2e5fc) Importer(815301076,1909f56bfc062723c751e8b465ee728b)  -> (artifact id: '187ffc4f13bee2047bcc33bc197eac40') in 0.032199 seconds 
Number of asset objects unloaded after import = 67
========================================================================
Received Import Request.
  Time since last request: 0.000115 seconds.
  path: Assets/Layer Lab/GUI-BlueSky/Prefabs/Prefabs_Component_Sliders/Slider00_Yellow.prefab
  artifactKey: Guid(39309b85f52be44e78fca601ad622c9a) Importer(815301076,1909f56bfc062723c751e8b465ee728b)
Number of updated assets reloaded before import = 0
Start importing Assets/Layer Lab/GUI-BlueSky/Prefabs/Prefabs_Component_Sliders/Slider00_Yellow.prefab using Guid(39309b85f52be44e78fca601ad622c9a) Importer(815301076,1909f56bfc062723c751e8b465ee728b)  -> (artifact id: 'dfa6e4635df45ecda2e49a7d8ffc5ddb') in 0.026972 seconds 
Number of asset objects unloaded after import = 25
========================================================================
Received Import Request.
  Time since last request: 0.000090 seconds.
  path: Assets/Layer Lab/GUI-BlueSky/Prefabs/Prefabs_Component_Sliders/Slider_HandleType.prefab
  artifactKey: Guid(957952a0d517a4c9daac3f427877fc9d) Importer(815301076,1909f56bfc062723c751e8b465ee728b)
Number of updated assets reloaded before import = 0
Start importing Assets/Layer Lab/GUI-BlueSky/Prefabs/Prefabs_Component_Sliders/Slider_HandleType.prefab using Guid(957952a0d517a4c9daac3f427877fc9d) Importer(815301076,1909f56bfc062723c751e8b465ee728b)  -> (artifact id: 'dc9293232b87be985341dbaa10a68914') in 0.028654 seconds 
Number of asset objects unloaded after import = 96
========================================================================
Received Import Request.
  Time since last request: 2.434135 seconds.
  path: Assets/Layer Lab/GUI-BlueSky/Prefabs/Prefabs_Component_UI_Etc/Group_Toggle_Switch.prefab
  artifactKey: Guid(afdf0e19f00cb49e192113459a37bfc9) Importer(815301076,1909f56bfc062723c751e8b465ee728b)
Number of updated assets reloaded before import = 0
Start importing Assets/Layer Lab/GUI-BlueSky/Prefabs/Prefabs_Component_UI_Etc/Group_Toggle_Switch.prefab using Guid(afdf0e19f00cb49e192113459a37bfc9) Importer(815301076,1909f56bfc062723c751e8b465ee728b)  -> (artifact id: 'f8f23b144a1a0c4cb2173a7eba5a34fc') in 0.023491 seconds 
Number of asset objects unloaded after import = 34
========================================================================
Received Import Request.
  Time since last request: 0.000107 seconds.
  path: Assets/Layer Lab/GUI-BlueSky/Prefabs/Prefabs_Component_UI_Etc/Label00-Group.prefab
  artifactKey: Guid(c6e57d012666641aba995e0b4d911ff7) Importer(815301076,1909f56bfc062723c751e8b465ee728b)
Number of updated assets reloaded before import = 0
Start importing Assets/Layer Lab/GUI-BlueSky/Prefabs/Prefabs_Component_UI_Etc/Label00-Group.prefab using Guid(c6e57d012666641aba995e0b4d911ff7) Importer(815301076,1909f56bfc062723c751e8b465ee728b)  -> (artifact id: '8b7275f6b0970b995659c29845f2bc6f') in 0.027992 seconds 
Number of asset objects unloaded after import = 43
========================================================================
Received Import Request.
  Time since last request: 0.000076 seconds.
  path: Assets/Layer Lab/GUI-BlueSky/Prefabs/Prefabs_Component_UI_Etc/PageNavi_Demo.prefab
  artifactKey: Guid(68d010b4abfb644638a037e5ea153d45) Importer(815301076,1909f56bfc062723c751e8b465ee728b)
Number of updated assets reloaded before import = 0
Start importing Assets/Layer Lab/GUI-BlueSky/Prefabs/Prefabs_Component_UI_Etc/PageNavi_Demo.prefab using Guid(68d010b4abfb644638a037e5ea153d45) Importer(815301076,1909f56bfc062723c751e8b465ee728b)  -> (artifact id: '24f91a147144368c1a441d9aaf9aa994') in 0.006138 seconds 
Number of asset objects unloaded after import = 40
========================================================================
Received Import Request.
  Time since last request: 0.000127 seconds.
  path: Assets/Layer Lab/GUI-BlueSky/Prefabs/Prefabs_Component_UI_Etc/Toggle_Check_Square_01.prefab
  artifactKey: Guid(7f945ffd5fc8843fe8e8238e74dfbfd0) Importer(815301076,1909f56bfc062723c751e8b465ee728b)
Number of updated assets reloaded before import = 0
Start importing Assets/Layer Lab/GUI-BlueSky/Prefabs/Prefabs_Component_UI_Etc/Toggle_Check_Square_01.prefab using Guid(7f945ffd5fc8843fe8e8238e74dfbfd0) Importer(815301076,1909f56bfc062723c751e8b465ee728b)  -> (artifact id: 'ac24a6ef515ec757a6223ad4686f20b2') in 0.007659 seconds 
Number of asset objects unloaded after import = 13
========================================================================
Received Import Request.
  Time since last request: 0.000089 seconds.
  path: Assets/Layer Lab/GUI-BlueSky/Prefabs/Prefabs_Component_UI_Etc/Notify00_Icon_Blue.prefab
  artifactKey: Guid(8c84638df88614cdb92ea293f65a986c) Importer(815301076,1909f56bfc062723c751e8b465ee728b)
Number of updated assets reloaded before import = 0
Start importing Assets/Layer Lab/GUI-BlueSky/Prefabs/Prefabs_Component_UI_Etc/Notify00_Icon_Blue.prefab using Guid(8c84638df88614cdb92ea293f65a986c) Importer(815301076,1909f56bfc062723c751e8b465ee728b)  -> (artifact id: '0883bd75ea24868b0ddb0d678af0a151') in 0.006384 seconds 
Number of asset objects unloaded after import = 12
========================================================================
Received Import Request.
  Time since last request: 0.000115 seconds.
  path: Assets/Layer Lab/GUI-BlueSky/Prefabs/Prefabs_Component_UI_Etc/Notify01_Text_Blue.prefab
  artifactKey: Guid(46a1f89958e564156bef84f69c5c5c25) Importer(815301076,1909f56bfc062723c751e8b465ee728b)
Number of updated assets reloaded before import = 0
Start importing Assets/Layer Lab/GUI-BlueSky/Prefabs/Prefabs_Component_UI_Etc/Notify01_Text_Blue.prefab using Guid(46a1f89958e564156bef84f69c5c5c25) Importer(815301076,1909f56bfc062723c751e8b465ee728b)  -> (artifact id: '8bf7bf1ef754e547f1af2d231132bb34') in 0.026198 seconds 
Number of asset objects unloaded after import = 20
========================================================================
Received Import Request.
  Time since last request: 0.000089 seconds.
  path: Assets/Layer Lab/GUI-BlueSky/Prefabs/Prefabs_Component_UI_Etc/Notify01_Icon-Group.prefab
  artifactKey: Guid(9c797046c1a60426cab6eba1f6524201) Importer(815301076,1909f56bfc062723c751e8b465ee728b)
Number of updated assets reloaded before import = 0
Start importing Assets/Layer Lab/GUI-BlueSky/Prefabs/Prefabs_Component_UI_Etc/Notify01_Icon-Group.prefab using Guid(9c797046c1a60426cab6eba1f6524201) Importer(815301076,1909f56bfc062723c751e8b465ee728b)  -> (artifact id: 'f2c2647108700997fd230df61ed66510') in 0.006417 seconds 
Number of asset objects unloaded after import = 32
========================================================================
Received Import Request.
  Time since last request: 0.000081 seconds.
  path: Assets/Layer Lab/GUI-BlueSky/Prefabs/Prefabs_Component_UI_Etc/PageNavi_White.prefab
  artifactKey: Guid(c0e54699898064d038ddead35d922d09) Importer(815301076,1909f56bfc062723c751e8b465ee728b)
Number of updated assets reloaded before import = 0
Start importing Assets/Layer Lab/GUI-BlueSky/Prefabs/Prefabs_Component_UI_Etc/PageNavi_White.prefab using Guid(c0e54699898064d038ddead35d922d09) Importer(815301076,1909f56bfc062723c751e8b465ee728b)  -> (artifact id: '1f726277cdd47caff4d59e0d1b33b8b9') in 0.007663 seconds 
Number of asset objects unloaded after import = 40
========================================================================
Received Import Request.
  Time since last request: 0.000089 seconds.
  path: Assets/Layer Lab/GUI-BlueSky/Prefabs/Prefabs_Component_UI_Etc/Notify_Icon_White.prefab
  artifactKey: Guid(d340a7f6a117d49e1a62c3a1711a8df3) Importer(815301076,1909f56bfc062723c751e8b465ee728b)
Number of updated assets reloaded before import = 0
Start importing Assets/Layer Lab/GUI-BlueSky/Prefabs/Prefabs_Component_UI_Etc/Notify_Icon_White.prefab using Guid(d340a7f6a117d49e1a62c3a1711a8df3) Importer(815301076,1909f56bfc062723c751e8b465ee728b)  -> (artifact id: '2838fc63c3ea228ef9c3739b24c2865e') in 0.007406 seconds 
Number of asset objects unloaded after import = 12
========================================================================
Received Import Request.
  Time since last request: 0.000098 seconds.
  path: Assets/Layer Lab/GUI-BlueSky/Prefabs/Prefabs_Component_UI_Etc/Toggle_Check_Circle_01.prefab
  artifactKey: Guid(fa8fc1a3353c943cf9de253f4c07dbe4) Importer(815301076,1909f56bfc062723c751e8b465ee728b)
Number of updated assets reloaded before import = 0
Start importing Assets/Layer Lab/GUI-BlueSky/Prefabs/Prefabs_Component_UI_Etc/Toggle_Check_Circle_01.prefab using Guid(fa8fc1a3353c943cf9de253f4c07dbe4) Importer(815301076,1909f56bfc062723c751e8b465ee728b)  -> (artifact id: '72cbfac7b3ca431e9f193007362e5c02') in 0.006249 seconds 
Number of asset objects unloaded after import = 13
========================================================================
Received Import Request.
  Time since last request: 0.000102 seconds.
  path: Assets/Layer Lab/GUI-BlueSky/Prefabs/Prefabs_Component_UI_Etc/Label00_Purple.prefab
  artifactKey: Guid(155c38fc76b5d47cfa851f421a2b4525) Importer(815301076,1909f56bfc062723c751e8b465ee728b)
Number of updated assets reloaded before import = 0
Start importing Assets/Layer Lab/GUI-BlueSky/Prefabs/Prefabs_Component_UI_Etc/Label00_Purple.prefab using Guid(155c38fc76b5d47cfa851f421a2b4525) Importer(815301076,1909f56bfc062723c751e8b465ee728b)  -> (artifact id: 'ce62a34eba17794bd8223f74e9a03eb2') in 0.024929 seconds 
Number of asset objects unloaded after import = 17
========================================================================
Received Import Request.
  Time since last request: 0.000150 seconds.
  path: Assets/Layer Lab/GUI-BlueSky/Prefabs/Prefabs_Component_UI_Etc/Notify01_Text-Group.prefab
  artifactKey: Guid(66a4a37b173b04c20ae4f74e526161c0) Importer(815301076,1909f56bfc062723c751e8b465ee728b)
Number of updated assets reloaded before import = 0
Start importing Assets/Layer Lab/GUI-BlueSky/Prefabs/Prefabs_Component_UI_Etc/Notify01_Text-Group.prefab using Guid(66a4a37b173b04c20ae4f74e526161c0) Importer(815301076,1909f56bfc062723c751e8b465ee728b)  -> (artifact id: '8cd0dbc2c9dd47145e6a206c78be04c2') in 0.028227 seconds 
Number of asset objects unloaded after import = 52
========================================================================
Received Import Request.
  Time since last request: 0.000078 seconds.
  path: Assets/Layer Lab/GUI-BlueSky/Prefabs/Prefabs_Component_UI_Etc/Notify00_Icon_White.prefab
  artifactKey: Guid(963d51e1096674019ae0ae4d7be7b547) Importer(815301076,1909f56bfc062723c751e8b465ee728b)
Number of updated assets reloaded before import = 0
Start importing Assets/Layer Lab/GUI-BlueSky/Prefabs/Prefabs_Component_UI_Etc/Notify00_Icon_White.prefab using Guid(963d51e1096674019ae0ae4d7be7b547) Importer(815301076,1909f56bfc062723c751e8b465ee728b)  -> (artifact id: '4e11ea806df15f71f0ed6ba600acb06c') in 0.005928 seconds 
Number of asset objects unloaded after import = 12
========================================================================
Received Import Request.
  Time since last request: 0.000128 seconds.
  path: Assets/Layer Lab/GUI-BlueSky/Prefabs/Prefabs_Component_UI_Etc/Status_Group.prefab
  artifactKey: Guid(c9f93af7ae73042129dd2bd569229c6e) Importer(815301076,1909f56bfc062723c751e8b465ee728b)
Number of updated assets reloaded before import = 0
Start importing Assets/Layer Lab/GUI-BlueSky/Prefabs/Prefabs_Component_UI_Etc/Status_Group.prefab using Guid(c9f93af7ae73042129dd2bd569229c6e) Importer(815301076,1909f56bfc062723c751e8b465ee728b)  -> (artifact id: '96b074883d760844723f034dc5a72766') in 0.201008 seconds 
Number of asset objects unloaded after import = 131
========================================================================
Received Import Request.
  Time since last request: 3.572660 seconds.
  path: Assets/Layer Lab/GUI-BlueSky/Prefabs/Prefabs_DemoScene/Components_UI.prefab
  artifactKey: Guid(9450269beb2e44908b58e5c00b5ac19c) Importer(815301076,1909f56bfc062723c751e8b465ee728b)
Number of updated assets reloaded before import = 0
Start importing Assets/Layer Lab/GUI-BlueSky/Prefabs/Prefabs_DemoScene/Components_UI.prefab using Guid(9450269beb2e44908b58e5c00b5ac19c) Importer(815301076,1909f56bfc062723c751e8b465ee728b)  -> (artifact id: 'd53d5dcbe1e98562a7c52afb97f0ed46') in 0.222802 seconds 
Number of asset objects unloaded after import = 944
========================================================================
Received Import Request.
  Time since last request: 0.000102 seconds.
  path: Assets/Layer Lab/GUI-BlueSky/Prefabs/Prefabs_DemoScene/Panel_Mission.prefab
  artifactKey: Guid(ba6fafeded7a14546a4d4e3b0b2c6512) Importer(815301076,1909f56bfc062723c751e8b465ee728b)
Number of updated assets reloaded before import = 0
Start importing Assets/Layer Lab/GUI-BlueSky/Prefabs/Prefabs_DemoScene/Panel_Mission.prefab using Guid(ba6fafeded7a14546a4d4e3b0b2c6512) Importer(815301076,1909f56bfc062723c751e8b465ee728b)  -> (artifact id: '551e868664b2074c1ba5069ceae8b76a') in 0.069720 seconds 
Number of asset objects unloaded after import = 298
========================================================================
Received Import Request.
  Time since last request: 0.000086 seconds.
  path: Assets/Layer Lab/GUI-BlueSky/Prefabs/Prefabs_DemoScene/Popup_Shop_Gem.prefab
  artifactKey: Guid(d38549c1d7eaa45799133fd9a10c3cb0) Importer(815301076,1909f56bfc062723c751e8b465ee728b)
Number of updated assets reloaded before import = 0
Start importing Assets/Layer Lab/GUI-BlueSky/Prefabs/Prefabs_DemoScene/Popup_Shop_Gem.prefab using Guid(d38549c1d7eaa45799133fd9a10c3cb0) Importer(815301076,1909f56bfc062723c751e8b465ee728b)  -> (artifact id: '686f9d69f2df1a8782a366577d34fa44') in 0.090089 seconds 
Number of asset objects unloaded after import = 242
========================================================================
Received Import Request.
  Time since last request: 0.000068 seconds.
  path: Assets/Layer Lab/GUI-BlueSky/Prefabs/Prefabs_DemoScene/Popup_StageReady.prefab
  artifactKey: Guid(876ced35c2c02465ab4a0354a45af024) Importer(815301076,1909f56bfc062723c751e8b465ee728b)
Number of updated assets reloaded before import = 0
Start importing Assets/Layer Lab/GUI-BlueSky/Prefabs/Prefabs_DemoScene/Popup_StageReady.prefab using Guid(876ced35c2c02465ab4a0354a45af024) Importer(815301076,1909f56bfc062723c751e8b465ee728b)  -> (artifact id: '0c26a6a8156f8c643c8f3df24022c2fe') in 0.074309 seconds 
Number of asset objects unloaded after import = 271
========================================================================
Received Import Request.
  Time since last request: 0.000095 seconds.
  path: Assets/Layer Lab/GUI-BlueSky/Prefabs/Prefabs_DemoScene/Popup_Login.prefab
  artifactKey: Guid(3fa5ecc2639ee4db496ebb1f921891a9) Importer(815301076,1909f56bfc062723c751e8b465ee728b)
Number of updated assets reloaded before import = 0
Start importing Assets/Layer Lab/GUI-BlueSky/Prefabs/Prefabs_DemoScene/Popup_Login.prefab using Guid(3fa5ecc2639ee4db496ebb1f921891a9) Importer(815301076,1909f56bfc062723c751e8b465ee728b)  -> (artifact id: 'f6495c48b8f946bad76f8d74fbf24ba5') in 0.070172 seconds 
Number of asset objects unloaded after import = 139
========================================================================
Received Import Request.
  Time since last request: 0.000131 seconds.
  path: Assets/Layer Lab/GUI-BlueSky/Prefabs/Prefabs_DemoScene/Popup_Items.prefab
  artifactKey: Guid(1e91034765e934168ab459d0029ebe2d) Importer(815301076,1909f56bfc062723c751e8b465ee728b)
Number of updated assets reloaded before import = 0
Start importing Assets/Layer Lab/GUI-BlueSky/Prefabs/Prefabs_DemoScene/Popup_Items.prefab using Guid(1e91034765e934168ab459d0029ebe2d) Importer(815301076,1909f56bfc062723c751e8b465ee728b)  -> (artifact id: '4849cb72fd1d62416f2c32dd3b3a9a04') in 0.058102 seconds 
Number of asset objects unloaded after import = 228
========================================================================
Received Import Request.
  Time since last request: 0.000100 seconds.
  path: Assets/Layer Lab/GUI-BlueSky/Prefabs/Prefabs_DemoScene/Popup_SignUP.prefab
  artifactKey: Guid(2e3ad0c9dc87b4acf80a091f2c68f98f) Importer(815301076,1909f56bfc062723c751e8b465ee728b)
Number of updated assets reloaded before import = 0
Start importing Assets/Layer Lab/GUI-BlueSky/Prefabs/Prefabs_DemoScene/Popup_SignUP.prefab using Guid(2e3ad0c9dc87b4acf80a091f2c68f98f) Importer(815301076,1909f56bfc062723c751e8b465ee728b)  -> (artifact id: 'f66f4f0f03a885195a7cfb040973fdf4') in 0.058135 seconds 
Number of asset objects unloaded after import = 134
========================================================================
Received Import Request.
  Time since last request: 0.000087 seconds.
  path: Assets/Layer Lab/GUI-BlueSky/Prefabs/Prefabs_DemoScene/Popup_Shop_Life.prefab
  artifactKey: Guid(b6579304ad9ad4f1eaafb03ac7a21873) Importer(815301076,1909f56bfc062723c751e8b465ee728b)
Number of updated assets reloaded before import = 0
Start importing Assets/Layer Lab/GUI-BlueSky/Prefabs/Prefabs_DemoScene/Popup_Shop_Life.prefab using Guid(b6579304ad9ad4f1eaafb03ac7a21873) Importer(815301076,1909f56bfc062723c751e8b465ee728b)  -> (artifact id: 'ad951d183cadceeb95250350496aca83') in 0.070557 seconds 
Number of asset objects unloaded after import = 173
========================================================================
Received Import Request.
  Time since last request: 0.010656 seconds.
  path: Assets/Layer Lab/GUI-BlueSky/Prefabs/Prefabs_DemoScene/Popup_MyInfo.prefab
  artifactKey: Guid(dba64fe6754374a8ca060f5d94012632) Importer(815301076,1909f56bfc062723c751e8b465ee728b)
Number of updated assets reloaded before import = 0
Start importing Assets/Layer Lab/GUI-BlueSky/Prefabs/Prefabs_DemoScene/Popup_MyInfo.prefab using Guid(dba64fe6754374a8ca060f5d94012632) Importer(815301076,1909f56bfc062723c751e8b465ee728b)  -> (artifact id: '3c9c13418452e03ae7b24e1c2b7f6ecc') in 0.052076 seconds 
Number of asset objects unloaded after import = 500
========================================================================
Received Import Request.
  Time since last request: 131.638535 seconds.
  path: Assets/Layer Lab/Scripts/Icon_Arrow_Prev.png
  artifactKey: Guid(54f0921763a474464872caf0f46654a0) Importer(815301076,1909f56bfc062723c751e8b465ee728b)
Number of updated assets reloaded before import = 0
Start importing Assets/Layer Lab/Scripts/Icon_Arrow_Prev.png using Guid(54f0921763a474464872caf0f46654a0) Importer(815301076,1909f56bfc062723c751e8b465ee728b)  -> (artifact id: '4b0e893a2e11a261743e57c4300c7876') in 0.203329 seconds 
Number of asset objects unloaded after import = 3
========================================================================
Received Prepare
Registering precompiled user dll's ...
Registered in 0.002826 seconds.
Begin MonoManager ReloadAssembly
Native extension for iOS target not found
Native extension for Android target not found
Native extension for OSXStandalone target not found
Refreshing native plugins compatible for Editor in 1.09 ms, found 2 plugins.
Preloading 0 native plugins for Editor in 0.00 ms.
[Package Manager] Server::EnsureServerProcessIsRunning -- launch failed, reason: Unity was launched with the -noUpm command-line argument
[Package Manager] Cannot connect to Unity Package Manager local server
Mono: successfully reloaded assembly
- Completed reload, in  1.855 seconds
Domain Reload Profiling:
	ReloadAssembly (1856ms)
		BeginReloadAssembly (204ms)
			ExecutionOrderSort (0ms)
			DisableScriptedObjects (7ms)
			BackupInstance (0ms)
			ReleaseScriptingObjects (0ms)
			CreateAndSetChildDomain (77ms)
		EndReloadAssembly (1522ms)
			LoadAssemblies (106ms)
			RebuildTransferFunctionScriptingTraits (0ms)
			SetupTypeCache (408ms)
			ReleaseScriptCaches (1ms)
			RebuildScriptCaches (64ms)
			SetupLoadedEditorAssemblies (871ms)
				LogAssemblyErrors (0ms)
				InitializePlatformSupportModulesInManaged (38ms)
				SetLoadedEditorAssemblies (1ms)
				RefreshPlugins (1ms)
				BeforeProcessingInitializeOnLoad (52ms)
				ProcessInitializeOnLoadAttributes (751ms)
				ProcessInitializeOnLoadMethodAttributes (27ms)
				AfterProcessingInitializeOnLoad (1ms)
				EditorAssembliesLoaded (0ms)
			ExecutionOrderSort2 (0ms)
			AwakeInstancesAfterBackupRestoration (6ms)
Platform modules already initialized, skipping
Refreshing native plugins compatible for Editor in 0.89 ms, found 2 plugins.
Preloading 0 native plugins for Editor in 0.00 ms.
Unloading 3124 Unused Serialized files (Serialized files now loaded: 0)
Unloading 21 unused Assets / (22.8 KB). Loaded Objects now: 3629.
Memory consumption went from 136.2 MB to 136.2 MB.
Total: 3.630639 ms (FindLiveObjects: 0.252037 ms CreateObjectMapping: 0.202319 ms MarkObjects: 3.142112 ms  DeleteObjects: 0.033117 ms)

AssetImportParameters requested are different than current active one (requested -> active):
  custom:video-decoder-ogg-theora: a1e56fd34408186e4bbccfd4996cb3dc -> 
  custom:container-muxer-webm: aa71ff27fc2769a1b78a27578f13a17b -> 
  custom:container-demuxer-webm: 4f35f7cbe854078d1ac9338744f61a02 -> 
  custom:video-encoder-webm-vp8: eb34c28f22e8b96e1ab97ce403110664 -> 
  custom:framework-osx-AVFoundation: e770b220cccbd017edd2c1fefb359320 -> 
  custom:CustomObjectIndexerAttribute: bc11b3a6c3213fcdd17b65e7da85e133 -> 
  custom:audio-encoder-webm-vorbis: bf7c407c2cedff20999df2af8eb42d56 -> 
  custom:SearchIndexIgnoredProperties: e643bd26f0fe6173181afceb89e7c659 -> 
  custom:container-demuxer-ogg: 62fdf1f143b41e24485cea50d1cbac27 -> 
  custom:video-decoder-webm-vp8: 9c59270c3fd7afecdb556c50c9e8de78 -> 
  custom:audio-decoder-ogg-vorbis: bf7c407c2cedff20999df2af8eb42d56 -> 
========================================================================
Received Prepare
Registering precompiled user dll's ...
Registered in 0.002538 seconds.
Begin MonoManager ReloadAssembly
Native extension for iOS target not found
Native extension for Android target not found
Native extension for OSXStandalone target not found
Refreshing native plugins compatible for Editor in 1.22 ms, found 2 plugins.
Preloading 0 native plugins for Editor in 0.00 ms.
[Package Manager] Server::EnsureServerProcessIsRunning -- launch failed, reason: Unity was launched with the -noUpm command-line argument
[Package Manager] Cannot connect to Unity Package Manager local server
Mono: successfully reloaded assembly
- Completed reload, in  2.289 seconds
Domain Reload Profiling:
	ReloadAssembly (2290ms)
		BeginReloadAssembly (246ms)
			ExecutionOrderSort (0ms)
			DisableScriptedObjects (9ms)
			BackupInstance (0ms)
			ReleaseScriptingObjects (0ms)
			CreateAndSetChildDomain (113ms)
		EndReloadAssembly (1871ms)
			LoadAssemblies (121ms)
			RebuildTransferFunctionScriptingTraits (0ms)
			SetupTypeCache (525ms)
			ReleaseScriptCaches (2ms)
			RebuildScriptCaches (78ms)
			SetupLoadedEditorAssemblies (1034ms)
				LogAssemblyErrors (0ms)
				InitializePlatformSupportModulesInManaged (53ms)
				SetLoadedEditorAssemblies (1ms)
				RefreshPlugins (1ms)
				BeforeProcessingInitializeOnLoad (66ms)
				ProcessInitializeOnLoadAttributes (862ms)
				ProcessInitializeOnLoadMethodAttributes (49ms)
				AfterProcessingInitializeOnLoad (2ms)
				EditorAssembliesLoaded (0ms)
			ExecutionOrderSort2 (0ms)
			AwakeInstancesAfterBackupRestoration (11ms)
Platform modules already initialized, skipping
Refreshing native plugins compatible for Editor in 1.05 ms, found 2 plugins.
Preloading 0 native plugins for Editor in 0.00 ms.
Unloading 3124 Unused Serialized files (Serialized files now loaded: 0)
Unloading 19 unused Assets / (21.9 KB). Loaded Objects now: 3632.
Memory consumption went from 136.2 MB to 136.2 MB.
Total: 5.007756 ms (FindLiveObjects: 0.397403 ms CreateObjectMapping: 0.325335 ms MarkObjects: 4.256089 ms  DeleteObjects: 0.027396 ms)

AssetImportParameters requested are different than current active one (requested -> active):
  custom:video-decoder-ogg-theora: a1e56fd34408186e4bbccfd4996cb3dc -> 
  custom:container-muxer-webm: aa71ff27fc2769a1b78a27578f13a17b -> 
  custom:container-demuxer-webm: 4f35f7cbe854078d1ac9338744f61a02 -> 
  custom:video-encoder-webm-vp8: eb34c28f22e8b96e1ab97ce403110664 -> 
  custom:framework-osx-AVFoundation: e770b220cccbd017edd2c1fefb359320 -> 
  custom:CustomObjectIndexerAttribute: bc11b3a6c3213fcdd17b65e7da85e133 -> 
  custom:audio-encoder-webm-vorbis: bf7c407c2cedff20999df2af8eb42d56 -> 
  custom:SearchIndexIgnoredProperties: e643bd26f0fe6173181afceb89e7c659 -> 
  custom:container-demuxer-ogg: 62fdf1f143b41e24485cea50d1cbac27 -> 
  custom:video-decoder-webm-vp8: 9c59270c3fd7afecdb556c50c9e8de78 -> 
  custom:audio-decoder-ogg-vorbis: bf7c407c2cedff20999df2af8eb42d56 -> 
========================================================================
Received Prepare
Registering precompiled user dll's ...
Registered in 0.003012 seconds.
Begin MonoManager ReloadAssembly
Native extension for iOS target not found
Native extension for Android target not found
Native extension for OSXStandalone target not found
Refreshing native plugins compatible for Editor in 1.08 ms, found 2 plugins.
Preloading 0 native plugins for Editor in 0.00 ms.
[Package Manager] Server::EnsureServerProcessIsRunning -- launch failed, reason: Unity was launched with the -noUpm command-line argument
[Package Manager] Cannot connect to Unity Package Manager local server
Mono: successfully reloaded assembly
- Completed reload, in  2.039 seconds
Domain Reload Profiling:
	ReloadAssembly (2040ms)
		BeginReloadAssembly (190ms)
			ExecutionOrderSort (0ms)
			DisableScriptedObjects (10ms)
			BackupInstance (0ms)
			ReleaseScriptingObjects (0ms)
			CreateAndSetChildDomain (72ms)
		EndReloadAssembly (1736ms)
			LoadAssemblies (92ms)
			RebuildTransferFunctionScriptingTraits (0ms)
			SetupTypeCache (464ms)
			ReleaseScriptCaches (2ms)
			RebuildScriptCaches (86ms)
			SetupLoadedEditorAssemblies (954ms)
				LogAssemblyErrors (0ms)
				InitializePlatformSupportModulesInManaged (53ms)
				SetLoadedEditorAssemblies (1ms)
				RefreshPlugins (1ms)
				BeforeProcessingInitializeOnLoad (67ms)
				ProcessInitializeOnLoadAttributes (796ms)
				ProcessInitializeOnLoadMethodAttributes (34ms)
				AfterProcessingInitializeOnLoad (2ms)
				EditorAssembliesLoaded (0ms)
			ExecutionOrderSort2 (0ms)
			AwakeInstancesAfterBackupRestoration (9ms)
Platform modules already initialized, skipping
Refreshing native plugins compatible for Editor in 1.06 ms, found 2 plugins.
Preloading 0 native plugins for Editor in 0.00 ms.
Unloading 3124 Unused Serialized files (Serialized files now loaded: 0)
Unloading 19 unused Assets / (21.9 KB). Loaded Objects now: 3635.
Memory consumption went from 136.2 MB to 136.2 MB.
Total: 4.017530 ms (FindLiveObjects: 0.267468 ms CreateObjectMapping: 0.212940 ms MarkObjects: 3.495673 ms  DeleteObjects: 0.040144 ms)

AssetImportParameters requested are different than current active one (requested -> active):
  custom:video-decoder-ogg-theora: a1e56fd34408186e4bbccfd4996cb3dc -> 
  custom:container-muxer-webm: aa71ff27fc2769a1b78a27578f13a17b -> 
  custom:container-demuxer-webm: 4f35f7cbe854078d1ac9338744f61a02 -> 
  custom:video-encoder-webm-vp8: eb34c28f22e8b96e1ab97ce403110664 -> 
  custom:framework-osx-AVFoundation: e770b220cccbd017edd2c1fefb359320 -> 
  custom:CustomObjectIndexerAttribute: bc11b3a6c3213fcdd17b65e7da85e133 -> 
  custom:audio-encoder-webm-vorbis: bf7c407c2cedff20999df2af8eb42d56 -> 
  custom:SearchIndexIgnoredProperties: e643bd26f0fe6173181afceb89e7c659 -> 
  custom:container-demuxer-ogg: 62fdf1f143b41e24485cea50d1cbac27 -> 
  custom:video-decoder-webm-vp8: 9c59270c3fd7afecdb556c50c9e8de78 -> 
  custom:audio-decoder-ogg-vorbis: bf7c407c2cedff20999df2af8eb42d56 -> 
[usbmuxd] Detached: 123 00008110-000E15A60261801E
[usbmuxd] Attached: 124 00008110-000E15A60261801E
[usbmuxd] Detached: 124 00008110-000E15A60261801E
========================================================================
Received Prepare
Registering precompiled user dll's ...
Registered in 0.002720 seconds.
Begin MonoManager ReloadAssembly
Native extension for iOS target not found
Native extension for Android target not found
Native extension for OSXStandalone target not found
Refreshing native plugins compatible for Editor in 1.06 ms, found 2 plugins.
Preloading 0 native plugins for Editor in 0.00 ms.
[Package Manager] Server::EnsureServerProcessIsRunning -- launch failed, reason: Unity was launched with the -noUpm command-line argument
[Package Manager] Cannot connect to Unity Package Manager local server
Mono: successfully reloaded assembly
- Completed reload, in  2.371 seconds
Domain Reload Profiling:
	ReloadAssembly (2372ms)
		BeginReloadAssembly (362ms)
			ExecutionOrderSort (0ms)
			DisableScriptedObjects (14ms)
			BackupInstance (0ms)
			ReleaseScriptingObjects (0ms)
			CreateAndSetChildDomain (124ms)
		EndReloadAssembly (1843ms)
			LoadAssemblies (170ms)
			RebuildTransferFunctionScriptingTraits (0ms)
			SetupTypeCache (538ms)
			ReleaseScriptCaches (1ms)
			RebuildScriptCaches (76ms)
			SetupLoadedEditorAssemblies (995ms)
				LogAssemblyErrors (0ms)
				InitializePlatformSupportModulesInManaged (49ms)
				SetLoadedEditorAssemblies (1ms)
				RefreshPlugins (1ms)
				BeforeProcessingInitializeOnLoad (66ms)
				ProcessInitializeOnLoadAttributes (841ms)
				ProcessInitializeOnLoadMethodAttributes (34ms)
				AfterProcessingInitializeOnLoad (2ms)
				EditorAssembliesLoaded (0ms)
			ExecutionOrderSort2 (0ms)
			AwakeInstancesAfterBackupRestoration (9ms)
Platform modules already initialized, skipping
Refreshing native plugins compatible for Editor in 0.87 ms, found 2 plugins.
Preloading 0 native plugins for Editor in 0.00 ms.
Unloading 3124 Unused Serialized files (Serialized files now loaded: 0)
Unloading 19 unused Assets / (22.0 KB). Loaded Objects now: 3638.
Memory consumption went from 136.2 MB to 136.2 MB.
Total: 14.178101 ms (FindLiveObjects: 0.756195 ms CreateObjectMapping: 1.240334 ms MarkObjects: 12.078951 ms  DeleteObjects: 0.101113 ms)

AssetImportParameters requested are different than current active one (requested -> active):
  custom:video-decoder-ogg-theora: a1e56fd34408186e4bbccfd4996cb3dc -> 
  custom:container-muxer-webm: aa71ff27fc2769a1b78a27578f13a17b -> 
  custom:container-demuxer-webm: 4f35f7cbe854078d1ac9338744f61a02 -> 
  custom:video-encoder-webm-vp8: eb34c28f22e8b96e1ab97ce403110664 -> 
  custom:framework-osx-AVFoundation: e770b220cccbd017edd2c1fefb359320 -> 
  custom:CustomObjectIndexerAttribute: bc11b3a6c3213fcdd17b65e7da85e133 -> 
  custom:audio-encoder-webm-vorbis: bf7c407c2cedff20999df2af8eb42d56 -> 
  custom:SearchIndexIgnoredProperties: e643bd26f0fe6173181afceb89e7c659 -> 
  custom:container-demuxer-ogg: 62fdf1f143b41e24485cea50d1cbac27 -> 
  custom:video-decoder-webm-vp8: 9c59270c3fd7afecdb556c50c9e8de78 -> 
  custom:audio-decoder-ogg-vorbis: bf7c407c2cedff20999df2af8eb42d56 -> 
========================================================================
Received Prepare
Registering precompiled user dll's ...
Registered in 0.003345 seconds.
Begin MonoManager ReloadAssembly
Native extension for iOS target not found
Native extension for Android target not found
Native extension for OSXStandalone target not found
Refreshing native plugins compatible for Editor in 2.04 ms, found 2 plugins.
Preloading 0 native plugins for Editor in 0.00 ms.
[Package Manager] Server::EnsureServerProcessIsRunning -- launch failed, reason: Unity was launched with the -noUpm command-line argument
[Package Manager] Cannot connect to Unity Package Manager local server
Mono: successfully reloaded assembly
- Completed reload, in  2.261 seconds
Domain Reload Profiling:
	ReloadAssembly (2262ms)
		BeginReloadAssembly (213ms)
			ExecutionOrderSort (0ms)
			DisableScriptedObjects (5ms)
			BackupInstance (0ms)
			ReleaseScriptingObjects (0ms)
			CreateAndSetChildDomain (96ms)
		EndReloadAssembly (1868ms)
			LoadAssemblies (113ms)
			RebuildTransferFunctionScriptingTraits (0ms)
			SetupTypeCache (566ms)
			ReleaseScriptCaches (2ms)
			RebuildScriptCaches (81ms)
			SetupLoadedEditorAssemblies (992ms)
				LogAssemblyErrors (0ms)
				InitializePlatformSupportModulesInManaged (55ms)
				SetLoadedEditorAssemblies (1ms)
				RefreshPlugins (2ms)
				BeforeProcessingInitializeOnLoad (68ms)
				ProcessInitializeOnLoadAttributes (830ms)
				ProcessInitializeOnLoadMethodAttributes (32ms)
				AfterProcessingInitializeOnLoad (2ms)
				EditorAssembliesLoaded (0ms)
			ExecutionOrderSort2 (0ms)
			AwakeInstancesAfterBackupRestoration (8ms)
Platform modules already initialized, skipping
Refreshing native plugins compatible for Editor in 1.70 ms, found 2 plugins.
Preloading 0 native plugins for Editor in 0.00 ms.
Unloading 3124 Unused Serialized files (Serialized files now loaded: 0)
Unloading 19 unused Assets / (22.0 KB). Loaded Objects now: 3641.
Memory consumption went from 136.2 MB to 136.2 MB.
Total: 4.510067 ms (FindLiveObjects: 0.359359 ms CreateObjectMapping: 0.256607 ms MarkObjects: 3.822228 ms  DeleteObjects: 0.070882 ms)

AssetImportParameters requested are different than current active one (requested -> active):
  custom:video-decoder-ogg-theora: a1e56fd34408186e4bbccfd4996cb3dc -> 
  custom:container-muxer-webm: aa71ff27fc2769a1b78a27578f13a17b -> 
  custom:container-demuxer-webm: 4f35f7cbe854078d1ac9338744f61a02 -> 
  custom:video-encoder-webm-vp8: eb34c28f22e8b96e1ab97ce403110664 -> 
  custom:framework-osx-AVFoundation: e770b220cccbd017edd2c1fefb359320 -> 
  custom:CustomObjectIndexerAttribute: bc11b3a6c3213fcdd17b65e7da85e133 -> 
  custom:audio-encoder-webm-vorbis: bf7c407c2cedff20999df2af8eb42d56 -> 
  custom:SearchIndexIgnoredProperties: e643bd26f0fe6173181afceb89e7c659 -> 
  custom:container-demuxer-ogg: 62fdf1f143b41e24485cea50d1cbac27 -> 
  custom:video-decoder-webm-vp8: 9c59270c3fd7afecdb556c50c9e8de78 -> 
  custom:audio-decoder-ogg-vorbis: bf7c407c2cedff20999df2af8eb42d56 -> 
========================================================================
Received Prepare
Registering precompiled user dll's ...
Registered in 0.004260 seconds.
Begin MonoManager ReloadAssembly
Native extension for iOS target not found
Native extension for Android target not found
Native extension for OSXStandalone target not found
Refreshing native plugins compatible for Editor in 1.36 ms, found 2 plugins.
Preloading 0 native plugins for Editor in 0.00 ms.
[Package Manager] Server::EnsureServerProcessIsRunning -- launch failed, reason: Unity was launched with the -noUpm command-line argument
[Package Manager] Cannot connect to Unity Package Manager local server
Mono: successfully reloaded assembly
- Completed reload, in  2.255 seconds
Domain Reload Profiling:
	ReloadAssembly (2261ms)
		BeginReloadAssembly (238ms)
			ExecutionOrderSort (0ms)
			DisableScriptedObjects (10ms)
			BackupInstance (0ms)
			ReleaseScriptingObjects (0ms)
			CreateAndSetChildDomain (93ms)
		EndReloadAssembly (1861ms)
			LoadAssemblies (109ms)
			RebuildTransferFunctionScriptingTraits (0ms)
			SetupTypeCache (568ms)
			ReleaseScriptCaches (1ms)
			RebuildScriptCaches (89ms)
			SetupLoadedEditorAssemblies (979ms)
				LogAssemblyErrors (0ms)
				InitializePlatformSupportModulesInManaged (49ms)
				SetLoadedEditorAssemblies (1ms)
				RefreshPlugins (1ms)
				BeforeProcessingInitializeOnLoad (69ms)
				ProcessInitializeOnLoadAttributes (819ms)
				ProcessInitializeOnLoadMethodAttributes (38ms)
				AfterProcessingInitializeOnLoad (2ms)
				EditorAssembliesLoaded (0ms)
			ExecutionOrderSort2 (0ms)
			AwakeInstancesAfterBackupRestoration (8ms)
Platform modules already initialized, skipping
Refreshing native plugins compatible for Editor in 1.07 ms, found 2 plugins.
Preloading 0 native plugins for Editor in 0.00 ms.
Unloading 3124 Unused Serialized files (Serialized files now loaded: 0)
Unloading 19 unused Assets / (21.9 KB). Loaded Objects now: 3644.
Memory consumption went from 136.2 MB to 136.2 MB.
Total: 4.743761 ms (FindLiveObjects: 0.274061 ms CreateObjectMapping: 0.370507 ms MarkObjects: 4.038453 ms  DeleteObjects: 0.059402 ms)

AssetImportParameters requested are different than current active one (requested -> active):
  custom:video-decoder-ogg-theora: a1e56fd34408186e4bbccfd4996cb3dc -> 
  custom:container-muxer-webm: aa71ff27fc2769a1b78a27578f13a17b -> 
  custom:container-demuxer-webm: 4f35f7cbe854078d1ac9338744f61a02 -> 
  custom:video-encoder-webm-vp8: eb34c28f22e8b96e1ab97ce403110664 -> 
  custom:framework-osx-AVFoundation: e770b220cccbd017edd2c1fefb359320 -> 
  custom:CustomObjectIndexerAttribute: bc11b3a6c3213fcdd17b65e7da85e133 -> 
  custom:audio-encoder-webm-vorbis: bf7c407c2cedff20999df2af8eb42d56 -> 
  custom:SearchIndexIgnoredProperties: e643bd26f0fe6173181afceb89e7c659 -> 
  custom:container-demuxer-ogg: 62fdf1f143b41e24485cea50d1cbac27 -> 
  custom:video-decoder-webm-vp8: 9c59270c3fd7afecdb556c50c9e8de78 -> 
  custom:audio-decoder-ogg-vorbis: bf7c407c2cedff20999df2af8eb42d56 -> 
========================================================================
Received Import Request.
  Time since last request: 5249.217676 seconds.
  path: Assets/Layer Lab/GUI Pro-CasualGame/ResourcesData/Sprite/Components/UI_Etc/UserInfo_Profile_Icon.png
  artifactKey: Guid(7b9649252dc5a4e51a3eb86353de31eb) Importer(815301076,1909f56bfc062723c751e8b465ee728b)
Number of updated assets reloaded before import = 0
Start importing Assets/Layer Lab/GUI Pro-CasualGame/ResourcesData/Sprite/Components/UI_Etc/UserInfo_Profile_Icon.png using Guid(7b9649252dc5a4e51a3eb86353de31eb) Importer(815301076,1909f56bfc062723c751e8b465ee728b)  -> (artifact id: 'bd2ac959e1b0dc319ab1703be54a1eaa') in 0.126455 seconds 
Number of asset objects unloaded after import = 3
========================================================================
Received Import Request.
  Time since last request: 0.499345 seconds.
  path: Assets/Layer Lab/GUI Pro-CasualGame/ResourcesData/Sprite/Components/UI_Etc/UserInfo01_Bottom.png
  artifactKey: Guid(5b3201120c6b845a788788a662f00338) Importer(815301076,1909f56bfc062723c751e8b465ee728b)
Number of updated assets reloaded before import = 0
Start importing Assets/Layer Lab/GUI Pro-CasualGame/ResourcesData/Sprite/Components/UI_Etc/UserInfo01_Bottom.png using Guid(5b3201120c6b845a788788a662f00338) Importer(815301076,1909f56bfc062723c751e8b465ee728b)  -> (artifact id: 'cf043e96a9cfd0f2b5a3400c6e4021fa') in 0.012939 seconds 
Number of asset objects unloaded after import = 3
========================================================================
Received Import Request.
  Time since last request: 0.603521 seconds.
  path: Assets/Layer Lab/GUI Pro-CasualGame/Preview/Tutorial_Character.png
  artifactKey: Guid(595188d8672964c08b60efc5f170e57e) Importer(815301076,1909f56bfc062723c751e8b465ee728b)
Number of updated assets reloaded before import = 0
Start importing Assets/Layer Lab/GUI Pro-CasualGame/Preview/Tutorial_Character.png using Guid(595188d8672964c08b60efc5f170e57e) Importer(815301076,1909f56bfc062723c751e8b465ee728b)  -> (artifact id: 'ab6b6f4f7dc25db042d3eac037f0551c') in 0.207768 seconds 
Number of asset objects unloaded after import = 3
========================================================================
Received Import Request.
  Time since last request: 7.239697 seconds.
  path: Assets/Layer Lab/GUI Pro-CasualGame/ResourcesData/Sprite/Components/Icon_PictoIcons/256/Pictoicon_Zoomout.Png
  artifactKey: Guid(5cad77e902f914050b1f2858b707d2be) Importer(815301076,1909f56bfc062723c751e8b465ee728b)
Number of updated assets reloaded before import = 0
Start importing Assets/Layer Lab/GUI Pro-CasualGame/ResourcesData/Sprite/Components/Icon_PictoIcons/256/Pictoicon_Zoomout.Png using Guid(5cad77e902f914050b1f2858b707d2be) Importer(815301076,1909f56bfc062723c751e8b465ee728b)  -> (artifact id: 'c107c53fa9c70d22049355f689a0b910') in 0.198960 seconds 
Number of asset objects unloaded after import = 3
========================================================================
Received Import Request.
  Time since last request: 0.000111 seconds.
  path: Assets/Layer Lab/GUI Pro-CasualGame/ResourcesData/Sprite/Components/Icon_PictoIcons/64/Pictoicon_Zoomout.Png
  artifactKey: Guid(ec6d2d20321484ababc77897f64ea8fe) Importer(815301076,1909f56bfc062723c751e8b465ee728b)
Number of updated assets reloaded before import = 0
Start importing Assets/Layer Lab/GUI Pro-CasualGame/ResourcesData/Sprite/Components/Icon_PictoIcons/64/Pictoicon_Zoomout.Png using Guid(ec6d2d20321484ababc77897f64ea8fe) Importer(815301076,1909f56bfc062723c751e8b465ee728b)  -> (artifact id: '35c2c76da3d4ce9075f31c57d110b860') in 0.011782 seconds 
Number of asset objects unloaded after import = 3
========================================================================
Received Import Request.
  Time since last request: 0.000083 seconds.
  path: Assets/Layer Lab/GUI Pro-CasualGame/ResourcesData/Sprite/Components/Icon_PictoIcons/32/Pictoicon_Zoomout.Png
  artifactKey: Guid(c7ea0e5d4b46b477b90aee63bd5b26c7) Importer(815301076,1909f56bfc062723c751e8b465ee728b)
Number of updated assets reloaded before import = 0
Start importing Assets/Layer Lab/GUI Pro-CasualGame/ResourcesData/Sprite/Components/Icon_PictoIcons/32/Pictoicon_Zoomout.Png using Guid(c7ea0e5d4b46b477b90aee63bd5b26c7) Importer(815301076,1909f56bfc062723c751e8b465ee728b)  -> (artifact id: '81d2c82770e6bc2e18471108f3e45fed') in 0.010451 seconds 
Number of asset objects unloaded after import = 3
========================================================================
Received Import Request.
  Time since last request: 5.242006 seconds.
  path: Assets/Layer Lab/GUI Pro-CasualGame/ResourcesData/Sprite/Components/IconMisc/Icon_PictoIcon_Add02_l.png
  artifactKey: Guid(17fc055fb7c2f4e2c934e1360a8d1adb) Importer(815301076,1909f56bfc062723c751e8b465ee728b)
Number of updated assets reloaded before import = 0
Start importing Assets/Layer Lab/GUI Pro-CasualGame/ResourcesData/Sprite/Components/IconMisc/Icon_PictoIcon_Add02_l.png using Guid(17fc055fb7c2f4e2c934e1360a8d1adb) Importer(815301076,1909f56bfc062723c751e8b465ee728b)  -> (artifact id: '423b3778d2879cc68a662c4e5aeac7d1') in 0.017285 seconds 
Number of asset objects unloaded after import = 3
========================================================================
Received Import Request.
  Time since last request: 0.000071 seconds.
  path: Assets/Layer Lab/GUI Pro-CasualGame/ResourcesData/Sprite/Components/IconMisc/Icon_PictoIcon_Bell.png
  artifactKey: Guid(bdcbe28f1d35041b091b566b1f0f7bce) Importer(815301076,1909f56bfc062723c751e8b465ee728b)
Number of updated assets reloaded before import = 0
Start importing Assets/Layer Lab/GUI Pro-CasualGame/ResourcesData/Sprite/Components/IconMisc/Icon_PictoIcon_Bell.png using Guid(bdcbe28f1d35041b091b566b1f0f7bce) Importer(815301076,1909f56bfc062723c751e8b465ee728b)  -> (artifact id: '4bc8dc6e976a8e10482e19dabbb5dbba') in 0.014045 seconds 
Number of asset objects unloaded after import = 3
========================================================================
Received Import Request.
  Time since last request: 0.000060 seconds.
  path: Assets/Layer Lab/GUI Pro-CasualGame/ResourcesData/Sprite/Components/IconMisc/Icon_PictoIcon_Auto.png
  artifactKey: Guid(8fd521d3fc1eb46fd92b0f29508e5f76) Importer(815301076,1909f56bfc062723c751e8b465ee728b)
Number of updated assets reloaded before import = 0
Start importing Assets/Layer Lab/GUI Pro-CasualGame/ResourcesData/Sprite/Components/IconMisc/Icon_PictoIcon_Auto.png using Guid(8fd521d3fc1eb46fd92b0f29508e5f76) Importer(815301076,1909f56bfc062723c751e8b465ee728b)  -> (artifact id: 'd1b858b6ce5c2b2280df4a9baa6a1791') in 0.019784 seconds 
Number of asset objects unloaded after import = 3
========================================================================
Received Import Request.
  Time since last request: 0.000142 seconds.
  path: Assets/Layer Lab/GUI Pro-CasualGame/ResourcesData/Sprite/Components/IconMisc/Icon_PictoIcon_Back.png
  artifactKey: Guid(b78e1c94f1bcb42a7996ce616745e100) Importer(815301076,1909f56bfc062723c751e8b465ee728b)
Number of updated assets reloaded before import = 0
Start importing Assets/Layer Lab/GUI Pro-CasualGame/ResourcesData/Sprite/Components/IconMisc/Icon_PictoIcon_Back.png using Guid(b78e1c94f1bcb42a7996ce616745e100) Importer(815301076,1909f56bfc062723c751e8b465ee728b)  -> (artifact id: 'f88a9fce9736c7c64ffe1097652b5e87') in 0.010698 seconds 
Number of asset objects unloaded after import = 3
========================================================================
Received Import Request.
  Time since last request: 5.077441 seconds.
  path: Assets/Layer Lab/GUI Pro-CasualGame/ResourcesData/Sprite/Components/Icon_PictoIcons/256/Pictoicon_Gacha_Ball.Png
  artifactKey: Guid(2a73799687a164d6a822ebe263ee5654) Importer(815301076,1909f56bfc062723c751e8b465ee728b)
Number of updated assets reloaded before import = 0
Start importing Assets/Layer Lab/GUI Pro-CasualGame/ResourcesData/Sprite/Components/Icon_PictoIcons/256/Pictoicon_Gacha_Ball.Png using Guid(2a73799687a164d6a822ebe263ee5654) Importer(815301076,1909f56bfc062723c751e8b465ee728b)  -> (artifact id: '6b98d6745bf07574ca2ef4f89d8d5425') in 0.019885 seconds 
Number of asset objects unloaded after import = 3
========================================================================
Received Import Request.
  Time since last request: 0.000145 seconds.
  path: Assets/Layer Lab/GUI Pro-CasualGame/ResourcesData/Sprite/Components/Icon_PictoIcons/256/Pictoicon_Game.Png
  artifactKey: Guid(8391197d2bf594f2ea54a4bc1a9783e4) Importer(815301076,1909f56bfc062723c751e8b465ee728b)
Number of updated assets reloaded before import = 0
Start importing Assets/Layer Lab/GUI Pro-CasualGame/ResourcesData/Sprite/Components/Icon_PictoIcons/256/Pictoicon_Game.Png using Guid(8391197d2bf594f2ea54a4bc1a9783e4) Importer(815301076,1909f56bfc062723c751e8b465ee728b)  -> (artifact id: 'e3127831d4a596f05e0233ab5eb9a2e7') in 0.019222 seconds 
Number of asset objects unloaded after import = 3
========================================================================
Received Import Request.
  Time since last request: 0.000102 seconds.
  path: Assets/Layer Lab/GUI Pro-CasualGame/ResourcesData/Sprite/Components/Icon_PictoIcons/128/Pictoicon_Game.Png
  artifactKey: Guid(b4efb8742147348bf8d5316bee7b4003) Importer(815301076,1909f56bfc062723c751e8b465ee728b)
Number of updated assets reloaded before import = 0
Start importing Assets/Layer Lab/GUI Pro-CasualGame/ResourcesData/Sprite/Components/Icon_PictoIcons/128/Pictoicon_Game.Png using Guid(b4efb8742147348bf8d5316bee7b4003) Importer(815301076,1909f56bfc062723c751e8b465ee728b)  -> (artifact id: '5ef59bf5b8062b4d8ec9f59dd30b2144') in 0.014345 seconds 
Number of asset objects unloaded after import = 3
========================================================================
Received Import Request.
  Time since last request: 0.000092 seconds.
  path: Assets/Layer Lab/GUI Pro-CasualGame/ResourcesData/Sprite/Components/Icon_PictoIcons/32/Pictoicon_Game.Png
  artifactKey: Guid(0f129dee99990432c9a397083471c357) Importer(815301076,1909f56bfc062723c751e8b465ee728b)
Number of updated assets reloaded before import = 0
Start importing Assets/Layer Lab/GUI Pro-CasualGame/ResourcesData/Sprite/Components/Icon_PictoIcons/32/Pictoicon_Game.Png using Guid(0f129dee99990432c9a397083471c357) Importer(815301076,1909f56bfc062723c751e8b465ee728b)  -> (artifact id: '36d6f96a4f35f95f496e52a46157459f') in 0.010601 seconds 
Number of asset objects unloaded after import = 3
========================================================================
Received Import Request.
  Time since last request: 0.837523 seconds.
  path: Assets/Layer Lab/GUI Pro-CasualGame/ResourcesData/Sprite/Components/Icon_PictoIcons/128/Pictoicon_Gear.Png
  artifactKey: Guid(444d5ea5901dc4213b421da04aecec45) Importer(815301076,1909f56bfc062723c751e8b465ee728b)
Number of updated assets reloaded before import = 0
Start importing Assets/Layer Lab/GUI Pro-CasualGame/ResourcesData/Sprite/Components/Icon_PictoIcons/128/Pictoicon_Gear.Png using Guid(444d5ea5901dc4213b421da04aecec45) Importer(815301076,1909f56bfc062723c751e8b465ee728b)  -> (artifact id: 'e8caffb53f3564a84059d0680e960f06') in 0.013696 seconds 
Number of asset objects unloaded after import = 3
========================================================================
Received Import Request.
  Time since last request: 24.370001 seconds.
  path: Assets/Layer Lab/GUI Pro-CasualGame/ResourcesData/Sprite/Components/Icon_PictoIcons/256/Pictoicon_Friend_Add.Png
  artifactKey: Guid(fb1f4a83fc8c64ff5bf984e6d9beb7f2) Importer(815301076,1909f56bfc062723c751e8b465ee728b)
Number of updated assets reloaded before import = 0
Start importing Assets/Layer Lab/GUI Pro-CasualGame/ResourcesData/Sprite/Components/Icon_PictoIcons/256/Pictoicon_Friend_Add.Png using Guid(fb1f4a83fc8c64ff5bf984e6d9beb7f2) Importer(815301076,1909f56bfc062723c751e8b465ee728b)  -> (artifact id: '24b40acb59cbacc42f654f4446a49c82') in 0.017583 seconds 
Number of asset objects unloaded after import = 3
========================================================================
Received Import Request.
  Time since last request: 0.013170 seconds.
  path: Assets/Layer Lab/GUI Pro-CasualGame/ResourcesData/Sprite/Components/Icon_PictoIcons/256/Pictoicon_Folder.Png
  artifactKey: Guid(843b0cd3e5f6646f6b1992c54699fa62) Importer(815301076,1909f56bfc062723c751e8b465ee728b)
Number of updated assets reloaded before import = 0
Start importing Assets/Layer Lab/GUI Pro-CasualGame/ResourcesData/Sprite/Components/Icon_PictoIcons/256/Pictoicon_Folder.Png using Guid(843b0cd3e5f6646f6b1992c54699fa62) Importer(815301076,1909f56bfc062723c751e8b465ee728b)  -> (artifact id: '2ac4543a1d903b4a403cf025c158d755') in 0.018870 seconds 
Number of asset objects unloaded after import = 3
========================================================================
Received Import Request.
  Time since last request: 0.636580 seconds.
  path: Assets/Layer Lab/GUI Pro-CasualGame/ResourcesData/Sprite/Components/Icon_PictoIcons/32/Pictoicon_Focus.Png
  artifactKey: Guid(7e2d8c2dc906d40acbb6ff5308cc8867) Importer(815301076,1909f56bfc062723c751e8b465ee728b)
Number of updated assets reloaded before import = 0
Start importing Assets/Layer Lab/GUI Pro-CasualGame/ResourcesData/Sprite/Components/Icon_PictoIcons/32/Pictoicon_Focus.Png using Guid(7e2d8c2dc906d40acbb6ff5308cc8867) Importer(815301076,1909f56bfc062723c751e8b465ee728b)  -> (artifact id: '055fb58dda72e6a024481b4e5f3b1617') in 0.013526 seconds 
Number of asset objects unloaded after import = 3
========================================================================
Received Import Request.
  Time since last request: 0.031706 seconds.
  path: Assets/Layer Lab/GUI Pro-CasualGame/ResourcesData/Sprite/Components/Icon_PictoIcons/256/Pictoicon_Flower.Png
  artifactKey: Guid(64eadafc842464bf3afbb248be166b72) Importer(815301076,1909f56bfc062723c751e8b465ee728b)
Number of updated assets reloaded before import = 0
Start importing Assets/Layer Lab/GUI Pro-CasualGame/ResourcesData/Sprite/Components/Icon_PictoIcons/256/Pictoicon_Flower.Png using Guid(64eadafc842464bf3afbb248be166b72) Importer(815301076,1909f56bfc062723c751e8b465ee728b)  -> (artifact id: '8a951091903479721bda35f05a350386') in 0.025755 seconds 
Number of asset objects unloaded after import = 3
========================================================================
Received Import Request.
  Time since last request: 0.000091 seconds.
  path: Assets/Layer Lab/GUI Pro-CasualGame/ResourcesData/Sprite/Components/Icon_PictoIcons/512/Pictoicon_Focus.Png
  artifactKey: Guid(dce9f89348d12459e91729afd8ed840b) Importer(815301076,1909f56bfc062723c751e8b465ee728b)
Number of updated assets reloaded before import = 0
Start importing Assets/Layer Lab/GUI Pro-CasualGame/ResourcesData/Sprite/Components/Icon_PictoIcons/512/Pictoicon_Focus.Png using Guid(dce9f89348d12459e91729afd8ed840b) Importer(815301076,1909f56bfc062723c751e8b465ee728b)  -> (artifact id: '8e91394b27110142e80352515159f9ad') in 0.033415 seconds 
Number of asset objects unloaded after import = 3
========================================================================
Received Import Request.
  Time since last request: 0.000086 seconds.
  path: Assets/Layer Lab/GUI Pro-CasualGame/ResourcesData/Sprite/Components/Icon_PictoIcons/512/Pictoicon_Flag_1.Png
  artifactKey: Guid(69fe394513a9f445e90f477f9ca10259) Importer(815301076,1909f56bfc062723c751e8b465ee728b)
Number of updated assets reloaded before import = 0
Start importing Assets/Layer Lab/GUI Pro-CasualGame/ResourcesData/Sprite/Components/Icon_PictoIcons/512/Pictoicon_Flag_1.Png using Guid(69fe394513a9f445e90f477f9ca10259) Importer(815301076,1909f56bfc062723c751e8b465ee728b)  -> (artifact id: 'f0dd33bf77bbdad95268edf8388bef7f') in 0.030480 seconds 
Number of asset objects unloaded after import = 3
Editor requested this worker to shutdown with reason: Scaling down because of idle timeout
AssetImportWorker is now disconnected from the server
Process exiting
