Unity Editor version:    2021.3.45f1 (0da89fac8e79)
Branch:                  2021.3/staging
Build type:              Release
Batch mode:              YES
macOS version:           Version 14.4.1 (Build 23E224)
Darwin version:          23.4.0
Architecture:            x86_64
Running under Rosetta:   NO
Available memory:        32768 MB
Using pre-set license
Pro License: YES
2025-12-31 13:00:39.590 Unity[70859:129729460] WARNING: Secure coding is not enabled for restorable state! Enable secure coding by implementing NSApplicationDelegate.applicationSupportsSecureRestorableState: and returning YES.

COMMAND LINE ARGUMENTS:
/Applications/Unity/Hub/Editor/2021.3.45f1/Unity.app/Contents/MacOS/Unity
-adb2
-batchMode
-noUpm
-name
AssetImportWorker3
-projectPath
/Users/benz/Desktop/Stanford/FA25/Guru/PixelFlow_prototype2/My project (2)
-logFile
Logs/AssetImportWorker3.log
-srvPort
64983
Successfully changed project path to: /Users/benz/Desktop/Stanford/FA25/Guru/PixelFlow_prototype2/My project (2)
/Users/benz/Desktop/Stanford/FA25/Guru/PixelFlow_prototype2/My project (2)
[UnityMemory] Configuration Parameters - Can be set up in boot.config
    "memorysetup-bucket-allocator-granularity=16"
    "memorysetup-bucket-allocator-bucket-count=8"
    "memorysetup-bucket-allocator-block-size=33554432"
    "memorysetup-bucket-allocator-block-count=8"
    "memorysetup-main-allocator-block-size=16777216"
    "memorysetup-thread-allocator-block-size=16777216"
    "memorysetup-gfx-main-allocator-block-size=16777216"
    "memorysetup-gfx-thread-allocator-block-size=16777216"
    "memorysetup-cache-allocator-block-size=4194304"
    "memorysetup-typetree-allocator-block-size=2097152"
    "memorysetup-profiler-bucket-allocator-granularity=16"
    "memorysetup-profiler-bucket-allocator-bucket-count=8"
    "memorysetup-profiler-bucket-allocator-block-size=33554432"
    "memorysetup-profiler-bucket-allocator-block-count=8"
    "memorysetup-profiler-allocator-block-size=16777216"
    "memorysetup-profiler-editor-allocator-block-size=1048576"
    "memorysetup-temp-allocator-size-main=16777216"
    "memorysetup-job-temp-allocator-block-size=2097152"
    "memorysetup-job-temp-allocator-block-size-background=1048576"
    "memorysetup-job-temp-allocator-reduction-small-platforms=262144"
    "memorysetup-temp-allocator-size-background-worker=32768"
    "memorysetup-temp-allocator-size-job-worker=262144"
    "memorysetup-temp-allocator-size-preload-manager=33554432"
    "memorysetup-temp-allocator-size-nav-mesh-worker=65536"
    "memorysetup-temp-allocator-size-audio-worker=65536"
    "memorysetup-temp-allocator-size-cloud-worker=32768"
    "memorysetup-temp-allocator-size-gi-baking-worker=262144"
    "memorysetup-temp-allocator-size-gfx=262144"
Player connection [140704594186496] Host "[IP] 10.60.244.25 [Port] 0 [Flags] 2 [Guid] 3489174909 [EditorId] 3489174909 [Version] 1048832 [Id] OSXEditor(0,Bens-MacBook-Pro-5.local) [Debug] 1 [PackageName] OSXEditor [ProjectName] Editor" joined multi-casting on [225.0.0.222:54997]...

Player connection [140704594186496] Host "[IP] 10.60.244.25 [Port] 0 [Flags] 2 [Guid] 3489174909 [EditorId] 3489174909 [Version] 1048832 [Id] OSXEditor(0,Bens-MacBook-Pro-5.local) [Debug] 1 [PackageName] OSXEditor [ProjectName] Editor" joined alternative multi-casting on [225.0.0.222:34997]...

[Physics::Module] Initialized MultithreadedJobDispatcher with {0} workers.
Refreshing native plugins compatible for Editor in 119.74 ms, found 2 plugins.
Preloading 0 native plugins for Editor in 0.00 ms.
Initialize engine version: 2021.3.45f1 (0da89fac8e79)
[Subsystems] Discovering subsystems at path /Applications/Unity/Hub/Editor/2021.3.45f1/Unity.app/Contents/Resources/UnitySubsystems
[Subsystems] Discovering subsystems at path /Users/benz/Desktop/Stanford/FA25/Guru/PixelFlow_prototype2/My project (2)/Assets
GfxDevice: creating device client; threaded=0; jobified=0
Mi Monitor preferred device: AMD Radeon Pro 555X (high power)
Metal devices available: 2
0: AMD Radeon Pro 555X (high power)
1: Intel(R) UHD Graphics 630 (low power)
Using device AMD Radeon Pro 555X (high power)
Initializing Metal device caps: AMD Radeon Pro 555X
Initialize mono
Mono path[0] = '/Applications/Unity/Hub/Editor/2021.3.45f1/Unity.app/Contents/Managed'
Mono path[1] = '/Applications/Unity/Hub/Editor/2021.3.45f1/Unity.app/Contents/MonoBleedingEdge/lib/mono/unityjit-macos'
Mono config path = '/Applications/Unity/Hub/Editor/2021.3.45f1/Unity.app/Contents/MonoBleedingEdge/etc'
Using monoOptions --debugger-agent=transport=dt_socket,embedding=1,server=y,suspend=n,address=127.0.0.1:56859
Begin MonoManager ReloadAssembly
Registering precompiled unity dll's ...
Register platform support module: /Applications/Unity/Hub/Editor/2021.3.45f1/Unity.app/Contents/PlaybackEngines/MacStandaloneSupport/UnityEditor.OSXStandalone.Extensions.dll
Register platform support module: /Applications/Unity/Hub/Editor/2021.3.45f1/PlaybackEngines/AndroidPlayer/UnityEditor.Android.Extensions.dll
Register platform support module: /Applications/Unity/Hub/Editor/2021.3.45f1/PlaybackEngines/iOSSupport/UnityEditor.iOS.Extensions.dll
Registered in 0.005624 seconds.
[usbmuxd] Start listen thread
[usbmuxd] Listen thread started
[usbmuxd] Send listen message
[usbmuxd] Attached: 123 00008110-000E15A60261801E
Native extension for iOS target not found
Native extension for Android target not found
Android Extension - Scanning For ADB Devices 255 ms
Native extension for OSXStandalone target not found
Refreshing native plugins compatible for Editor in 87.31 ms, found 2 plugins.
Preloading 0 native plugins for Editor in 0.00 ms.
Mono: successfully reloaded assembly
- Completed reload, in  1.429 seconds
Domain Reload Profiling:
	ReloadAssembly (1430ms)
		BeginReloadAssembly (195ms)
			ExecutionOrderSort (0ms)
			DisableScriptedObjects (0ms)
			BackupInstance (0ms)
			ReleaseScriptingObjects (0ms)
			CreateAndSetChildDomain (1ms)
		EndReloadAssembly (1075ms)
			LoadAssemblies (197ms)
			RebuildTransferFunctionScriptingTraits (0ms)
			SetupTypeCache (189ms)
			ReleaseScriptCaches (0ms)
			RebuildScriptCaches (50ms)
			SetupLoadedEditorAssemblies (758ms)
				LogAssemblyErrors (0ms)
				InitializePlatformSupportModulesInManaged (478ms)
				SetLoadedEditorAssemblies (0ms)
				RefreshPlugins (87ms)
				BeforeProcessingInitializeOnLoad (2ms)
				ProcessInitializeOnLoadAttributes (133ms)
				ProcessInitializeOnLoadMethodAttributes (58ms)
				AfterProcessingInitializeOnLoad (0ms)
				EditorAssembliesLoaded (0ms)
			ExecutionOrderSort2 (0ms)
			AwakeInstancesAfterBackupRestoration (0ms)
Platform modules already initialized, skipping
Registering precompiled user dll's ...
Registered in 0.009939 seconds.
Begin MonoManager ReloadAssembly
Native extension for iOS target not found
Native extension for Android target not found
Native extension for OSXStandalone target not found
Refreshing native plugins compatible for Editor in 1.49 ms, found 2 plugins.
Preloading 0 native plugins for Editor in 0.00 ms.
Package Manager log level set to [2]
[Package Manager] Server::EnsureServerProcessIsRunning -- launch failed, reason: Unity was launched with the -noUpm command-line argument
[Package Manager] Cannot connect to Unity Package Manager local server
Mono: successfully reloaded assembly
- Completed reload, in  1.934 seconds
Domain Reload Profiling:
	ReloadAssembly (1935ms)
		BeginReloadAssembly (190ms)
			ExecutionOrderSort (0ms)
			DisableScriptedObjects (7ms)
			BackupInstance (0ms)
			ReleaseScriptingObjects (0ms)
			CreateAndSetChildDomain (41ms)
		EndReloadAssembly (1562ms)
			LoadAssemblies (176ms)
			RebuildTransferFunctionScriptingTraits (0ms)
			SetupTypeCache (532ms)
			ReleaseScriptCaches (1ms)
			RebuildScriptCaches (113ms)
			SetupLoadedEditorAssemblies (696ms)
				LogAssemblyErrors (0ms)
				InitializePlatformSupportModulesInManaged (34ms)
				SetLoadedEditorAssemblies (1ms)
				RefreshPlugins (2ms)
				BeforeProcessingInitializeOnLoad (65ms)
				ProcessInitializeOnLoadAttributes (563ms)
				ProcessInitializeOnLoadMethodAttributes (30ms)
				AfterProcessingInitializeOnLoad (1ms)
				EditorAssembliesLoaded (0ms)
			ExecutionOrderSort2 (0ms)
			AwakeInstancesAfterBackupRestoration (6ms)
Platform modules already initialized, skipping
========================================================================
Worker process is ready to serve import requests
Launching external process: /Applications/Unity/Hub/Editor/2021.3.45f1/Unity.app/Contents/Tools/UnityShaderCompiler
Launched and connected shader compiler UnityShaderCompiler after 0.09 seconds
Refreshing native plugins compatible for Editor in 1.60 ms, found 2 plugins.
Preloading 0 native plugins for Editor in 0.00 ms.
Unloading 3147 Unused Serialized files (Serialized files now loaded: 0)
Unloading 24 unused Assets / (40.7 KB). Loaded Objects now: 3609.
Memory consumption went from 127.7 MB to 127.6 MB.
Total: 5.675781 ms (FindLiveObjects: 0.384441 ms CreateObjectMapping: 0.462171 ms MarkObjects: 4.691775 ms  DeleteObjects: 0.136215 ms)

AssetImportParameters requested are different than current active one (requested -> active):
  custom:video-decoder-ogg-theora: a1e56fd34408186e4bbccfd4996cb3dc -> 
  custom:container-muxer-webm: aa71ff27fc2769a1b78a27578f13a17b -> 
  custom:container-demuxer-webm: 4f35f7cbe854078d1ac9338744f61a02 -> 
  custom:video-encoder-webm-vp8: eb34c28f22e8b96e1ab97ce403110664 -> 
  custom:framework-osx-AVFoundation: e770b220cccbd017edd2c1fefb359320 -> 
  custom:CustomObjectIndexerAttribute: bc11b3a6c3213fcdd17b65e7da85e133 -> 
  custom:audio-encoder-webm-vorbis: bf7c407c2cedff20999df2af8eb42d56 -> 
  custom:SearchIndexIgnoredProperties: e643bd26f0fe6173181afceb89e7c659 -> 
  custom:container-demuxer-ogg: 62fdf1f143b41e24485cea50d1cbac27 -> 
  custom:video-decoder-webm-vp8: 9c59270c3fd7afecdb556c50c9e8de78 -> 
  custom:audio-decoder-ogg-vorbis: bf7c407c2cedff20999df2af8eb42d56 -> 
========================================================================
Received Import Request.
  Time since last request: 5122160.620476 seconds.
  path: Assets/Layer Lab/GUI Pro-CasualGame/Prefabs/Prefabs_Component_Frames/BorderFrame_Round03_White.prefab
  artifactKey: Guid(603413a0dcd3d41cd888692f66df2c35) Importer(815301076,1909f56bfc062723c751e8b465ee728b)
Number of updated assets reloaded before import = 0
Start importing Assets/Layer Lab/GUI Pro-CasualGame/Prefabs/Prefabs_Component_Frames/BorderFrame_Round03_White.prefab using Guid(603413a0dcd3d41cd888692f66df2c35) Importer(815301076,1909f56bfc062723c751e8b465ee728b)  -> (artifact id: '4c9767a83fe0ca22044166a90b558d65') in 0.326609 seconds 
Number of asset objects unloaded after import = 7
========================================================================
Received Import Request.
  Time since last request: 0.000098 seconds.
  path: Assets/Layer Lab/GUI Pro-CasualGame/Prefabs/Prefabs_Component_Frames/BorderFrame_Square01_Blue.prefab
  artifactKey: Guid(5aa47ffc9d85342ccb68364ebb5d0ec1) Importer(815301076,1909f56bfc062723c751e8b465ee728b)
Number of updated assets reloaded before import = 0
Start importing Assets/Layer Lab/GUI Pro-CasualGame/Prefabs/Prefabs_Component_Frames/BorderFrame_Square01_Blue.prefab using Guid(5aa47ffc9d85342ccb68364ebb5d0ec1) Importer(815301076,1909f56bfc062723c751e8b465ee728b)  -> (artifact id: '5ba31b2f30d0df98696f2ee8912d9282') in 0.006009 seconds 
Number of asset objects unloaded after import = 7
========================================================================
Received Import Request.
  Time since last request: 0.000108 seconds.
  path: Assets/Layer Lab/GUI Pro-CasualGame/Prefabs/Prefabs_Component_Frames/CardFrame03-Group.prefab
  artifactKey: Guid(25326cb4e0c0f4aaeb9d8196e4b611d0) Importer(815301076,1909f56bfc062723c751e8b465ee728b)
Number of updated assets reloaded before import = 0
Start importing Assets/Layer Lab/GUI Pro-CasualGame/Prefabs/Prefabs_Component_Frames/CardFrame03-Group.prefab using Guid(25326cb4e0c0f4aaeb9d8196e4b611d0) Importer(815301076,1909f56bfc062723c751e8b465ee728b)  -> (artifact id: '371a79e1d71e122a737af04d9f1d0324') in 0.105333 seconds 
Number of asset objects unloaded after import = 579
========================================================================
Received Import Request.
  Time since last request: 0.000080 seconds.
  path: Assets/Layer Lab/GUI Pro-CasualGame/Prefabs/Prefabs_Component_Frames/ListFrame03-Group.prefab
  artifactKey: Guid(007a83f713811458c91115cb87f46f36) Importer(815301076,1909f56bfc062723c751e8b465ee728b)
Number of updated assets reloaded before import = 0
Start importing Assets/Layer Lab/GUI Pro-CasualGame/Prefabs/Prefabs_Component_Frames/ListFrame03-Group.prefab using Guid(007a83f713811458c91115cb87f46f36) Importer(815301076,1909f56bfc062723c751e8b465ee728b)  -> (artifact id: '8c5c2e68c79d931b2981edc04d488f27') in 0.050088 seconds 
Number of asset objects unloaded after import = 179
========================================================================
Received Import Request.
  Time since last request: 0.000070 seconds.
  path: Assets/Layer Lab/GUI Pro-CasualGame/Prefabs/Prefabs_Component_Frames/PanelFrame02_Round_Navy.prefab
  artifactKey: Guid(ff86f5932dae8427db153134bd3e6593) Importer(815301076,1909f56bfc062723c751e8b465ee728b)
Number of updated assets reloaded before import = 0
Start importing Assets/Layer Lab/GUI Pro-CasualGame/Prefabs/Prefabs_Component_Frames/PanelFrame02_Round_Navy.prefab using Guid(ff86f5932dae8427db153134bd3e6593) Importer(815301076,1909f56bfc062723c751e8b465ee728b)  -> (artifact id: '7e7860e737e846c9aa1d0b19a738b7db') in 0.005409 seconds 
Number of asset objects unloaded after import = 7
========================================================================
Received Import Request.
  Time since last request: 0.000104 seconds.
  path: Assets/Layer Lab/GUI Pro-CasualGame/Prefabs/Prefabs_Component_Frames/BubbleFrame02_Right-Group.prefab
  artifactKey: Guid(d7c9229f017974e57a98f1cf0a891ffd) Importer(815301076,1909f56bfc062723c751e8b465ee728b)
Number of updated assets reloaded before import = 0
Start importing Assets/Layer Lab/GUI Pro-CasualGame/Prefabs/Prefabs_Component_Frames/BubbleFrame02_Right-Group.prefab using Guid(d7c9229f017974e57a98f1cf0a891ffd) Importer(815301076,1909f56bfc062723c751e8b465ee728b)  -> (artifact id: '357efc23ea12ffaeba8755321a4883c5') in 0.023106 seconds 
Number of asset objects unloaded after import = 74
========================================================================
Received Import Request.
  Time since last request: 0.000069 seconds.
  path: Assets/Layer Lab/GUI Pro-CasualGame/Prefabs/Prefabs_Component_Frames/BorderFrame_Round04_Transparent_Purple.prefab
  artifactKey: Guid(17dea92e822fd4e878d0d65409f9d4ca) Importer(815301076,1909f56bfc062723c751e8b465ee728b)
Number of updated assets reloaded before import = 0
Start importing Assets/Layer Lab/GUI Pro-CasualGame/Prefabs/Prefabs_Component_Frames/BorderFrame_Round04_Transparent_Purple.prefab using Guid(17dea92e822fd4e878d0d65409f9d4ca) Importer(815301076,1909f56bfc062723c751e8b465ee728b)  -> (artifact id: '85ed9b5ad7dbb6abd9cf14060738d76c') in 0.004859 seconds 
Number of asset objects unloaded after import = 7
========================================================================
Received Import Request.
  Time since last request: 0.000091 seconds.
  path: Assets/Layer Lab/GUI Pro-CasualGame/Prefabs/Prefabs_Component_Frames/ItemFrame04-Group.prefab
  artifactKey: Guid(56366d31f5eed424b8822579447cfd16) Importer(815301076,1909f56bfc062723c751e8b465ee728b)
Number of updated assets reloaded before import = 0
Start importing Assets/Layer Lab/GUI Pro-CasualGame/Prefabs/Prefabs_Component_Frames/ItemFrame04-Group.prefab using Guid(56366d31f5eed424b8822579447cfd16) Importer(815301076,1909f56bfc062723c751e8b465ee728b)  -> (artifact id: '96ab278c21def3ce30e1e85048cf9822') in 0.016919 seconds 
Number of asset objects unloaded after import = 83
========================================================================
Received Import Request.
  Time since last request: 0.000075 seconds.
  path: Assets/Layer Lab/GUI Pro-CasualGame/Prefabs/Prefabs_Component_Frames/Frame_FlushUp.prefab
  artifactKey: Guid(fcb15b2af413848dd9bbf51bff2ea410) Importer(815301076,1909f56bfc062723c751e8b465ee728b)
Number of updated assets reloaded before import = 0
Start importing Assets/Layer Lab/GUI Pro-CasualGame/Prefabs/Prefabs_Component_Frames/Frame_FlushUp.prefab using Guid(fcb15b2af413848dd9bbf51bff2ea410) Importer(815301076,1909f56bfc062723c751e8b465ee728b)  -> (artifact id: '39398a62aa57824256fc7cca4f4c7916') in 0.005135 seconds 
Number of asset objects unloaded after import = 7
========================================================================
Received Import Request.
  Time since last request: 0.000078 seconds.
  path: Assets/Layer Lab/GUI Pro-CasualGame/Prefabs/Prefabs_Component_Frames/ItemFrame06-Group.prefab
  artifactKey: Guid(c4dd0cf06370b4d7e8eced8ede016a8f) Importer(815301076,1909f56bfc062723c751e8b465ee728b)
Number of updated assets reloaded before import = 0
Start importing Assets/Layer Lab/GUI Pro-CasualGame/Prefabs/Prefabs_Component_Frames/ItemFrame06-Group.prefab using Guid(c4dd0cf06370b4d7e8eced8ede016a8f) Importer(815301076,1909f56bfc062723c751e8b465ee728b)  -> (artifact id: 'df6445dc74860cf2d325a6c1b7b0c015') in 0.031252 seconds 
Number of asset objects unloaded after import = 61
========================================================================
Received Import Request.
  Time since last request: 0.000093 seconds.
  path: Assets/Layer Lab/GUI Pro-CasualGame/Prefabs/Prefabs_Component_Frames/ItemFrame01-Group.prefab
  artifactKey: Guid(b8af58650ecc74880b58885a74f6b3b8) Importer(815301076,1909f56bfc062723c751e8b465ee728b)
Number of updated assets reloaded before import = 0
Start importing Assets/Layer Lab/GUI Pro-CasualGame/Prefabs/Prefabs_Component_Frames/ItemFrame01-Group.prefab using Guid(b8af58650ecc74880b58885a74f6b3b8) Importer(815301076,1909f56bfc062723c751e8b465ee728b)  -> (artifact id: 'e7b9e52f9a2e97f5f5de3cb4527732c5') in 0.033034 seconds 
Number of asset objects unloaded after import = 150
========================================================================
Received Import Request.
  Time since last request: 0.000087 seconds.
  path: Assets/Layer Lab/GUI Pro-CasualGame/Prefabs/Prefabs_Component_Frames/ItemFrame07-Group.prefab
  artifactKey: Guid(2ebff9ad511064263b6d7642642524cb) Importer(815301076,1909f56bfc062723c751e8b465ee728b)
Number of updated assets reloaded before import = 0
Start importing Assets/Layer Lab/GUI Pro-CasualGame/Prefabs/Prefabs_Component_Frames/ItemFrame07-Group.prefab using Guid(2ebff9ad511064263b6d7642642524cb) Importer(815301076,1909f56bfc062723c751e8b465ee728b)  -> (artifact id: 'ecf0db48a4acb8f5b930f4ffae27487b') in 0.187270 seconds 
Number of asset objects unloaded after import = 88
========================================================================
Received Import Request.
  Time since last request: 34.108682 seconds.
  path: Assets/Layer Lab/GUI Pro-CasualGame/Prefabs/Prefabs_Component_Labels/Label_Bubble01_White.prefab
  artifactKey: Guid(b0b2027f26664439b81f075c29c078c3) Importer(815301076,1909f56bfc062723c751e8b465ee728b)
Number of updated assets reloaded before import = 0
Start importing Assets/Layer Lab/GUI Pro-CasualGame/Prefabs/Prefabs_Component_Labels/Label_Bubble01_White.prefab using Guid(b0b2027f26664439b81f075c29c078c3) Importer(815301076,1909f56bfc062723c751e8b465ee728b)  -> (artifact id: 'd0154cf7c2c70615fbbc7eff6108b639') in 0.012519 seconds 
Number of asset objects unloaded after import = 19
========================================================================
Received Import Request.
  Time since last request: 0.000087 seconds.
  path: Assets/Layer Lab/GUI Pro-CasualGame/Prefabs/Prefabs_Component_Labels/Label_Trapezoid-Group.prefab
  artifactKey: Guid(a3351dc8fa1e4443aaae7f36e94bf7c3) Importer(815301076,1909f56bfc062723c751e8b465ee728b)
Number of updated assets reloaded before import = 0
Start importing Assets/Layer Lab/GUI Pro-CasualGame/Prefabs/Prefabs_Component_Labels/Label_Trapezoid-Group.prefab using Guid(a3351dc8fa1e4443aaae7f36e94bf7c3) Importer(815301076,1909f56bfc062723c751e8b465ee728b)  -> (artifact id: '342ca1af1c8603ca6c2648afa72cac4a') in 0.016389 seconds 
Number of asset objects unloaded after import = 69
========================================================================
Received Import Request.
  Time since last request: 0.000079 seconds.
  path: Assets/Layer Lab/GUI Pro-CasualGame/Prefabs/Prefabs_Component_Labels/Title_Line_Divider_TransparentWhite.prefab
  artifactKey: Guid(8cd74ace7ff1f4bf28c03d502320456f) Importer(815301076,1909f56bfc062723c751e8b465ee728b)
Number of updated assets reloaded before import = 0
Start importing Assets/Layer Lab/GUI Pro-CasualGame/Prefabs/Prefabs_Component_Labels/Title_Line_Divider_TransparentWhite.prefab using Guid(8cd74ace7ff1f4bf28c03d502320456f) Importer(815301076,1909f56bfc062723c751e8b465ee728b)  -> (artifact id: '04b4186fdd869ee4f80432a438e612c4') in 0.013234 seconds 
Number of asset objects unloaded after import = 19
========================================================================
Received Import Request.
  Time since last request: 0.000086 seconds.
  path: Assets/Layer Lab/GUI Pro-CasualGame/Prefabs/Prefabs_Component_Labels/Title_Flag02_Orange.prefab
  artifactKey: Guid(3b5b87c034e1d41cc9573cd5288bc38a) Importer(815301076,1909f56bfc062723c751e8b465ee728b)
Number of updated assets reloaded before import = 0
Start importing Assets/Layer Lab/GUI Pro-CasualGame/Prefabs/Prefabs_Component_Labels/Title_Flag02_Orange.prefab using Guid(3b5b87c034e1d41cc9573cd5288bc38a) Importer(815301076,1909f56bfc062723c751e8b465ee728b)  -> (artifact id: '4906562e69731d9c1e45b789906bc4de') in 0.020956 seconds 
Number of asset objects unloaded after import = 14
========================================================================
Received Import Request.
  Time since last request: 0.000089 seconds.
  path: Assets/Layer Lab/GUI Pro-CasualGame/Prefabs/Prefabs_Component_Labels/Title_Flag02-Group.prefab
  artifactKey: Guid(e018354cb842745718a43cbedf5c8978) Importer(815301076,1909f56bfc062723c751e8b465ee728b)
Number of updated assets reloaded before import = 0
Start importing Assets/Layer Lab/GUI Pro-CasualGame/Prefabs/Prefabs_Component_Labels/Title_Flag02-Group.prefab using Guid(e018354cb842745718a43cbedf5c8978) Importer(815301076,1909f56bfc062723c751e8b465ee728b)  -> (artifact id: 'd6ec2210b17d5a2383a72e4cb7b254a0') in 0.020624 seconds 
Number of asset objects unloaded after import = 52
========================================================================
Received Import Request.
  Time since last request: 0.000084 seconds.
  path: Assets/Layer Lab/GUI Pro-CasualGame/Prefabs/Prefabs_Component_Labels/Title_Ribbon_Orange.prefab
  artifactKey: Guid(157308c1f97a24f1886ef76e9d4b13c4) Importer(815301076,1909f56bfc062723c751e8b465ee728b)
Number of updated assets reloaded before import = 0
Start importing Assets/Layer Lab/GUI Pro-CasualGame/Prefabs/Prefabs_Component_Labels/Title_Ribbon_Orange.prefab using Guid(157308c1f97a24f1886ef76e9d4b13c4) Importer(815301076,1909f56bfc062723c751e8b465ee728b)  -> (artifact id: 'fe4f8353f11c73f0269422ba3d7b7211') in 0.023729 seconds 
Number of asset objects unloaded after import = 23
========================================================================
Received Import Request.
  Time since last request: 0.000064 seconds.
  path: Assets/Layer Lab/GUI Pro-CasualGame/Prefabs/Prefabs_Component_Labels/Title_Line_Divider_White.prefab
  artifactKey: Guid(9817f921913a043f48b835b7f382827f) Importer(815301076,1909f56bfc062723c751e8b465ee728b)
Number of updated assets reloaded before import = 0
Start importing Assets/Layer Lab/GUI Pro-CasualGame/Prefabs/Prefabs_Component_Labels/Title_Line_Divider_White.prefab using Guid(9817f921913a043f48b835b7f382827f) Importer(815301076,1909f56bfc062723c751e8b465ee728b)  -> (artifact id: '6cd2e918cd1d1ac59671a33562d034e1') in 0.010649 seconds 
Number of asset objects unloaded after import = 19
========================================================================
Received Import Request.
  Time since last request: 0.000098 seconds.
  path: Assets/Layer Lab/GUI Pro-CasualGame/Prefabs/Prefabs_Component_Labels/Title_Flag01-Group.prefab
  artifactKey: Guid(4bcd60bf33d06432386cfb12b2fd4e1a) Importer(815301076,1909f56bfc062723c751e8b465ee728b)
Number of updated assets reloaded before import = 0
Start importing Assets/Layer Lab/GUI Pro-CasualGame/Prefabs/Prefabs_Component_Labels/Title_Flag01-Group.prefab using Guid(4bcd60bf33d06432386cfb12b2fd4e1a) Importer(815301076,1909f56bfc062723c751e8b465ee728b)  -> (artifact id: 'd5511859d0eaaa856acf67fcfb8fa17f') in 0.014876 seconds 
Number of asset objects unloaded after import = 72
========================================================================
Received Import Request.
  Time since last request: 0.000112 seconds.
  path: Assets/Layer Lab/GUI Pro-CasualGame/Prefabs/Prefabs_Component_Labels/Title_Flag02_Blue.prefab
  artifactKey: Guid(a93f5052f0be24c259a272972dae83e6) Importer(815301076,1909f56bfc062723c751e8b465ee728b)
Number of updated assets reloaded before import = 0
Start importing Assets/Layer Lab/GUI Pro-CasualGame/Prefabs/Prefabs_Component_Labels/Title_Flag02_Blue.prefab using Guid(a93f5052f0be24c259a272972dae83e6) Importer(815301076,1909f56bfc062723c751e8b465ee728b)  -> (artifact id: '2aaefbfd22725bbcaf010c3d8b8f4f4d') in 0.017036 seconds 
Number of asset objects unloaded after import = 14
========================================================================
Received Import Request.
  Time since last request: 0.000076 seconds.
  path: Assets/Layer Lab/GUI Pro-CasualGame/Prefabs/Prefabs_Component_Labels/Title_Oval_White.prefab
  artifactKey: Guid(4b52765d8274b45a68c773db3f85ef07) Importer(815301076,1909f56bfc062723c751e8b465ee728b)
Number of updated assets reloaded before import = 0
Start importing Assets/Layer Lab/GUI Pro-CasualGame/Prefabs/Prefabs_Component_Labels/Title_Oval_White.prefab using Guid(4b52765d8274b45a68c773db3f85ef07) Importer(815301076,1909f56bfc062723c751e8b465ee728b)  -> (artifact id: '070f7ed63a91428a1450c0645ce2fc28') in 0.010527 seconds 
Number of asset objects unloaded after import = 15
========================================================================
Received Import Request.
  Time since last request: 0.000145 seconds.
  path: Assets/Layer Lab/GUI Pro-CasualGame/Prefabs/Prefabs_Component_Labels/Label_Ribbon_White.prefab
  artifactKey: Guid(b490828f419d949868be6a868bcf78c8) Importer(815301076,1909f56bfc062723c751e8b465ee728b)
Number of updated assets reloaded before import = 0
Start importing Assets/Layer Lab/GUI Pro-CasualGame/Prefabs/Prefabs_Component_Labels/Label_Ribbon_White.prefab using Guid(b490828f419d949868be6a868bcf78c8) Importer(815301076,1909f56bfc062723c751e8b465ee728b)  -> (artifact id: 'd05a5060f8c9e34b748ebbc68cf037ce') in 0.013677 seconds 
Number of asset objects unloaded after import = 23
========================================================================
Received Import Request.
  Time since last request: 0.000087 seconds.
  path: Assets/Layer Lab/GUI Pro-CasualGame/Prefabs/Prefabs_Component_Labels/Title_Flag01_Purple.prefab
  artifactKey: Guid(98e9e6c84d05c40f4812d612863309fe) Importer(815301076,1909f56bfc062723c751e8b465ee728b)
Number of updated assets reloaded before import = 0
Start importing Assets/Layer Lab/GUI Pro-CasualGame/Prefabs/Prefabs_Component_Labels/Title_Flag01_Purple.prefab using Guid(98e9e6c84d05c40f4812d612863309fe) Importer(815301076,1909f56bfc062723c751e8b465ee728b)  -> (artifact id: 'd7ba36befd853fae5ea2b4bb210866dd') in 0.011414 seconds 
Number of asset objects unloaded after import = 18
========================================================================
Received Import Request.
  Time since last request: 0.000129 seconds.
  path: Assets/Layer Lab/GUI Pro-CasualGame/Prefabs/Prefabs_Component_Labels/Title_Ribbon-Group-.prefab
  artifactKey: Guid(421012e88f32148029dfff41011d3770) Importer(815301076,1909f56bfc062723c751e8b465ee728b)
Number of updated assets reloaded before import = 0
Start importing Assets/Layer Lab/GUI Pro-CasualGame/Prefabs/Prefabs_Component_Labels/Title_Ribbon-Group-.prefab using Guid(421012e88f32148029dfff41011d3770) Importer(815301076,1909f56bfc062723c751e8b465ee728b)  -> (artifact id: '561634097d7ba09d49e932440c1db3ec') in 0.024649 seconds 
Number of asset objects unloaded after import = 76
========================================================================
Received Import Request.
  Time since last request: 0.000096 seconds.
  path: Assets/Layer Lab/GUI Pro-CasualGame/Prefabs/Prefabs_Component_Labels/Label_Round01_White.prefab
  artifactKey: Guid(77cb943e52c8b42d98da9c6187250cce) Importer(815301076,1909f56bfc062723c751e8b465ee728b)
Number of updated assets reloaded before import = 0
Start importing Assets/Layer Lab/GUI Pro-CasualGame/Prefabs/Prefabs_Component_Labels/Label_Round01_White.prefab using Guid(77cb943e52c8b42d98da9c6187250cce) Importer(815301076,1909f56bfc062723c751e8b465ee728b)  -> (artifact id: '62c0db1c4e6471b0d07946a04fa43e0d') in 0.012434 seconds 
Number of asset objects unloaded after import = 17
========================================================================
Received Import Request.
  Time since last request: 0.000074 seconds.
  path: Assets/Layer Lab/GUI Pro-CasualGame/Prefabs/Prefabs_Component_Labels/Title_Flag02_Red.prefab
  artifactKey: Guid(601069fbd866544f6838559cf33a60eb) Importer(815301076,1909f56bfc062723c751e8b465ee728b)
Number of updated assets reloaded before import = 0
Start importing Assets/Layer Lab/GUI Pro-CasualGame/Prefabs/Prefabs_Component_Labels/Title_Flag02_Red.prefab using Guid(601069fbd866544f6838559cf33a60eb) Importer(815301076,1909f56bfc062723c751e8b465ee728b)  -> (artifact id: 'e9dddb594da24a750891b4a0bd94c953') in 0.016815 seconds 
Number of asset objects unloaded after import = 14
========================================================================
Received Import Request.
  Time since last request: 0.000070 seconds.
  path: Assets/Layer Lab/GUI Pro-CasualGame/Prefabs/Prefabs_Component_Labels/Title_Flag01_Blue.prefab
  artifactKey: Guid(65441611e1d9d445d9f130fe09802851) Importer(815301076,1909f56bfc062723c751e8b465ee728b)
Number of updated assets reloaded before import = 0
Start importing Assets/Layer Lab/GUI Pro-CasualGame/Prefabs/Prefabs_Component_Labels/Title_Flag01_Blue.prefab using Guid(65441611e1d9d445d9f130fe09802851) Importer(815301076,1909f56bfc062723c751e8b465ee728b)  -> (artifact id: '33ed02692ca40541d7e4e1a592a188a4') in 0.011802 seconds 
Number of asset objects unloaded after import = 18
========================================================================
Received Import Request.
  Time since last request: 0.000090 seconds.
  path: Assets/Layer Lab/GUI Pro-CasualGame/Prefabs/Prefabs_Component_Labels/Title_Ribbon_Blue.prefab
  artifactKey: Guid(5513b565cb08b4318a0813a5f639a2ef) Importer(815301076,1909f56bfc062723c751e8b465ee728b)
Number of updated assets reloaded before import = 0
Start importing Assets/Layer Lab/GUI Pro-CasualGame/Prefabs/Prefabs_Component_Labels/Title_Ribbon_Blue.prefab using Guid(5513b565cb08b4318a0813a5f639a2ef) Importer(815301076,1909f56bfc062723c751e8b465ee728b)  -> (artifact id: '4f8e62549c17b822563f06697fb11e77') in 0.025329 seconds 
Number of asset objects unloaded after import = 23
========================================================================
Received Import Request.
  Time since last request: 0.000111 seconds.
  path: Assets/Layer Lab/GUI Pro-CasualGame/Prefabs/Prefabs_Component_Labels/Label_Round02_White.prefab
  artifactKey: Guid(30d658fbfc06f498bae66f2a3b751f6e) Importer(815301076,1909f56bfc062723c751e8b465ee728b)
Number of updated assets reloaded before import = 0
Start importing Assets/Layer Lab/GUI Pro-CasualGame/Prefabs/Prefabs_Component_Labels/Label_Round02_White.prefab using Guid(30d658fbfc06f498bae66f2a3b751f6e) Importer(815301076,1909f56bfc062723c751e8b465ee728b)  -> (artifact id: 'b2b764a75a41f6ced77357b13c31c379') in 0.012042 seconds 
Number of asset objects unloaded after import = 17
========================================================================
Received Import Request.
  Time since last request: 0.272948 seconds.
  path: Assets/Layer Lab/GUI Pro-CasualGame/Prefabs/Prefabs_Component_Popups/Popup01_Single_Purple.prefab
  artifactKey: Guid(dcfa341710a3941c397651ce9ebaf892) Importer(815301076,1909f56bfc062723c751e8b465ee728b)
Number of updated assets reloaded before import = 0
Start importing Assets/Layer Lab/GUI Pro-CasualGame/Prefabs/Prefabs_Component_Popups/Popup01_Single_Purple.prefab using Guid(dcfa341710a3941c397651ce9ebaf892) Importer(815301076,1909f56bfc062723c751e8b465ee728b)  -> (artifact id: '0ac1b1ee4405585cc86170fbccd30d1e') in 0.044145 seconds 
Number of asset objects unloaded after import = 48
========================================================================
Received Import Request.
  Time since last request: 0.000084 seconds.
  path: Assets/Layer Lab/GUI Pro-CasualGame/Prefabs/Prefabs_Component_Popups/Popup_Slide02_White.prefab
  artifactKey: Guid(ac9a897c94ef941cf809e3693a2f03ce) Importer(815301076,1909f56bfc062723c751e8b465ee728b)
Number of updated assets reloaded before import = 0
Start importing Assets/Layer Lab/GUI Pro-CasualGame/Prefabs/Prefabs_Component_Popups/Popup_Slide02_White.prefab using Guid(ac9a897c94ef941cf809e3693a2f03ce) Importer(815301076,1909f56bfc062723c751e8b465ee728b)  -> (artifact id: '9c9ed3799d5f0c1f3b2ba45458c72aea') in 0.011184 seconds 
Number of asset objects unloaded after import = 39
========================================================================
Received Import Request.
  Time since last request: 0.000077 seconds.
  path: Assets/Layer Lab/GUI Pro-CasualGame/Prefabs/Prefabs_Component_Popups/Popup_FullWidth01_White.prefab
  artifactKey: Guid(7be9d1a093180477b99de9cf0026994e) Importer(815301076,1909f56bfc062723c751e8b465ee728b)
Number of updated assets reloaded before import = 0
Start importing Assets/Layer Lab/GUI Pro-CasualGame/Prefabs/Prefabs_Component_Popups/Popup_FullWidth01_White.prefab using Guid(7be9d1a093180477b99de9cf0026994e) Importer(815301076,1909f56bfc062723c751e8b465ee728b)  -> (artifact id: '2ec584caa480f0e7b5c774b57fca3700') in 0.009621 seconds 
Number of asset objects unloaded after import = 14
========================================================================
Received Import Request.
  Time since last request: 0.000110 seconds.
  path: Assets/Layer Lab/GUI Pro-CasualGame/Prefabs/Prefabs_Component_Popups/Popup02_Divided_Single_Navy.prefab
  artifactKey: Guid(da1facfcfb24d426788c0c3cdd567d07) Importer(815301076,1909f56bfc062723c751e8b465ee728b)
Number of updated assets reloaded before import = 0
Start importing Assets/Layer Lab/GUI Pro-CasualGame/Prefabs/Prefabs_Component_Popups/Popup02_Divided_Single_Navy.prefab using Guid(da1facfcfb24d426788c0c3cdd567d07) Importer(815301076,1909f56bfc062723c751e8b465ee728b)  -> (artifact id: '82f295749b30147266036066496d33d0') in 0.023345 seconds 
Number of asset objects unloaded after import = 36
========================================================================
Received Import Request.
  Time since last request: 0.000095 seconds.
  path: Assets/Layer Lab/GUI Pro-CasualGame/Prefabs/Prefabs_Component_Popups/Popup01_White.prefab
  artifactKey: Guid(26183ec9be711494c8f9006288a44a1c) Importer(815301076,1909f56bfc062723c751e8b465ee728b)
Number of updated assets reloaded before import = 0
Start importing Assets/Layer Lab/GUI Pro-CasualGame/Prefabs/Prefabs_Component_Popups/Popup01_White.prefab using Guid(26183ec9be711494c8f9006288a44a1c) Importer(815301076,1909f56bfc062723c751e8b465ee728b)  -> (artifact id: '160ee73e9ad9adabdc5ed361ea791e9c') in 0.052277 seconds 
Number of asset objects unloaded after import = 48
========================================================================
Received Import Request.
  Time since last request: 0.000088 seconds.
  path: Assets/Layer Lab/GUI Pro-CasualGame/Prefabs/Prefabs_Component_Popups/Popup_FullWidth02_TransparentWhite.prefab
  artifactKey: Guid(5956cda6fd1254220ae9558035f6dff9) Importer(815301076,1909f56bfc062723c751e8b465ee728b)
Number of updated assets reloaded before import = 0
Start importing Assets/Layer Lab/GUI Pro-CasualGame/Prefabs/Prefabs_Component_Popups/Popup_FullWidth02_TransparentWhite.prefab using Guid(5956cda6fd1254220ae9558035f6dff9) Importer(815301076,1909f56bfc062723c751e8b465ee728b)  -> (artifact id: 'ced4092b94f10121f70886349395092a') in 0.010035 seconds 
Number of asset objects unloaded after import = 14
Editor requested this worker to shutdown with reason: Scaling down because of idle timeout
AssetImportWorker is now disconnected from the server
Process exiting
